2025-06-10 09:08:51 - MT5_EA - INFO - Starting Python Expert Advisor
2025-06-10 09:08:51 - MT5_EA - INFO - Initializing MT5 connection...
2025-06-10 09:08:57 - MT5_EA - ERROR - MT5 initialize() failed, error code = (-6, 'Terminal: Authorization failed')
2025-06-10 09:08:57 - MT5_EA - ERROR - Failed to connect to MT5. Exiting.
2025-06-10 09:09:23 - MT5_EA - INFO - Starting Python Expert Advisor
2025-06-10 09:09:37 - MT5_EA - INFO - Starting Python Expert Advisor
2025-06-10 09:09:37 - MT5_EA - INFO - Initializing MT5 connection...
2025-06-10 09:09:37 - MT5_EA - ERROR - MT5 initialize() failed, error code = (-6, 'Terminal: Authorization failed')
2025-06-10 09:09:37 - MT5_EA - ERROR - Failed to connect to MT5. Exiting.
2025-06-10 11:38:15 - MT5_EA - INFO - Starting Python Expert Advisor
2025-06-10 11:38:15 - MT5_EA - INFO - Initializing MT5 connection...
2025-06-10 11:38:16 - MT5_EA - ERROR - MT5 initialize() failed, error code = (-6, 'Terminal: Authorization failed')
2025-06-10 11:38:16 - MT5_EA - ERROR - Failed to connect to MT5. Exiting.
2025-06-10 11:42:04 - MT5_EA - INFO - Starting Python Expert Advisor
2025-06-10 11:42:04 - MT5_EA - INFO - Initializing MT5 connection...
2025-06-10 11:42:07 - MT5_EA - INFO - MT5 connection successful to account 93083332.
2025-06-10 11:50:27 - MT5_EA - INFO - Starting Python Expert Advisor
2025-06-10 11:50:27 - MT5_EA - INFO - Initializing MT5 connection...
2025-06-10 11:50:27 - MT5_EA - INFO - MT5 connection successful to account 93083332.
2025-06-10 11:50:27 - MT5_EA - INFO - -------------------- New Tick --------------------
2025-06-10 11:50:27 - MT5_EA - ERROR - Invalid timeframe specified: H1  # M1, M5, M15, M30, H1, H4, D1, W1, MN1
2025-06-10 11:50:27 - MT5_EA - INFO - Strategy Signal for EURUSD: HOLD
2025-06-10 11:50:27 - MT5_EA - INFO - Sleeping for 60 seconds...
2025-06-10 11:51:27 - MT5_EA - INFO - -------------------- New Tick --------------------
2025-06-10 11:51:27 - MT5_EA - ERROR - Invalid timeframe specified: H1  # M1, M5, M15, M30, H1, H4, D1, W1, MN1
2025-06-10 11:51:27 - MT5_EA - INFO - Strategy Signal for EURUSD: HOLD
2025-06-10 11:51:27 - MT5_EA - INFO - Sleeping for 60 seconds...
2025-06-10 11:52:27 - MT5_EA - INFO - -------------------- New Tick --------------------
2025-06-10 11:52:27 - MT5_EA - ERROR - Invalid timeframe specified: H1  # M1, M5, M15, M30, H1, H4, D1, W1, MN1
2025-06-10 11:52:27 - MT5_EA - INFO - Strategy Signal for EURUSD: HOLD
2025-06-10 11:52:27 - MT5_EA - INFO - Sleeping for 60 seconds...
2025-06-10 11:53:27 - MT5_EA - INFO - -------------------- New Tick --------------------
2025-06-10 11:53:27 - MT5_EA - ERROR - Invalid timeframe specified: H1  # M1, M5, M15, M30, H1, H4, D1, W1, MN1
2025-06-10 11:53:27 - MT5_EA - INFO - Strategy Signal for EURUSD: HOLD
2025-06-10 11:53:27 - MT5_EA - INFO - Sleeping for 60 seconds...
2025-06-10 11:54:18 - MT5_EA - INFO - EA stopped by user (KeyboardInterrupt).
2025-06-10 11:54:18 - MT5_EA - INFO - Shutting down MT5 connection.
2025-06-10 11:54:18 - MT5_EA - INFO - Python Expert Advisor has been shut down.
2025-06-10 11:54:26 - MT5_EA - INFO - Starting Python Expert Advisor
2025-06-10 11:54:26 - MT5_EA - INFO - Initializing MT5 connection...
2025-06-10 11:54:26 - MT5_EA - INFO - MT5 connection successful to account 93083332.
2025-06-10 11:54:26 - MT5_EA - INFO - -------------------- New Tick --------------------
2025-06-10 11:54:26 - MT5_EA - INFO - Strategy Signal for EURUSD: HOLD
2025-06-10 11:54:26 - MT5_EA - INFO - Sleeping for 60 seconds...
2025-06-10 11:55:26 - MT5_EA - INFO - -------------------- New Tick --------------------
2025-06-10 11:55:26 - MT5_EA - INFO - Strategy Signal for EURUSD: HOLD
2025-06-10 11:55:26 - MT5_EA - INFO - Sleeping for 60 seconds...
2025-06-10 11:56:26 - MT5_EA - INFO - -------------------- New Tick --------------------
2025-06-10 11:56:26 - MT5_EA - INFO - Strategy Signal for EURUSD: HOLD
2025-06-10 11:56:26 - MT5_EA - INFO - Sleeping for 60 seconds...
2025-06-10 11:57:26 - MT5_EA - INFO - -------------------- New Tick --------------------
2025-06-10 11:57:26 - MT5_EA - INFO - Strategy Signal for EURUSD: HOLD
2025-06-10 11:57:26 - MT5_EA - INFO - Sleeping for 60 seconds...
2025-06-10 11:58:26 - MT5_EA - INFO - -------------------- New Tick --------------------
2025-06-10 11:58:26 - MT5_EA - INFO - Strategy Signal for EURUSD: HOLD
2025-06-10 11:58:26 - MT5_EA - INFO - Sleeping for 60 seconds...
2025-06-10 11:59:26 - MT5_EA - INFO - -------------------- New Tick --------------------
2025-06-10 11:59:26 - MT5_EA - INFO - Strategy Signal for EURUSD: HOLD
2025-06-10 11:59:26 - MT5_EA - INFO - Sleeping for 60 seconds...
2025-06-10 12:00:26 - MT5_EA - INFO - -------------------- New Tick --------------------
2025-06-10 12:00:26 - MT5_EA - INFO - Strategy Signal for EURUSD: HOLD
2025-06-10 12:00:26 - MT5_EA - INFO - Sleeping for 60 seconds...
2025-06-10 12:01:26 - MT5_EA - INFO - -------------------- New Tick --------------------
2025-06-10 12:01:26 - MT5_EA - INFO - Strategy Signal for EURUSD: HOLD
2025-06-10 12:01:26 - MT5_EA - INFO - Sleeping for 60 seconds...
2025-06-10 12:02:26 - MT5_EA - INFO - -------------------- New Tick --------------------
2025-06-10 12:02:26 - MT5_EA - INFO - Strategy Signal for EURUSD: HOLD
2025-06-10 12:02:26 - MT5_EA - INFO - Sleeping for 60 seconds...
2025-06-10 12:03:07 - MT5_EA - INFO - EA stopped by user (KeyboardInterrupt).
2025-06-10 12:03:07 - MT5_EA - INFO - Shutting down MT5 connection.
2025-06-10 12:03:07 - MT5_EA - INFO - Python Expert Advisor has been shut down.
2025-06-10 17:58:41 - MT5_EA - INFO - Starting Python Expert Advisor
2025-06-10 17:58:41 - MT5_EA - INFO - Initializing MT5 connection...
2025-06-10 17:58:41 - MT5_EA - INFO - MT5 connection successful to account 93083332.
2025-06-10 17:58:41 - MT5_EA - INFO - -------------------- New Tick --------------------
2025-06-10 17:58:41 - MT5_EA - INFO - Strategy Signal for EURUSD: HOLD
2025-06-10 17:58:41 - MT5_EA - INFO - Sleeping for 60 seconds...
2025-06-10 17:59:41 - MT5_EA - INFO - -------------------- New Tick --------------------
2025-06-10 17:59:41 - MT5_EA - INFO - Strategy Signal for EURUSD: HOLD
2025-06-10 17:59:41 - MT5_EA - INFO - Sleeping for 60 seconds...
2025-06-10 18:00:41 - MT5_EA - INFO - -------------------- New Tick --------------------
2025-06-10 18:00:41 - MT5_EA - INFO - Strategy Signal for EURUSD: HOLD
2025-06-10 18:00:41 - MT5_EA - INFO - Sleeping for 60 seconds...
2025-06-10 18:01:41 - MT5_EA - INFO - -------------------- New Tick --------------------
2025-06-10 18:01:41 - MT5_EA - INFO - Strategy Signal for EURUSD: HOLD
2025-06-10 18:01:41 - MT5_EA - INFO - Sleeping for 60 seconds...
2025-06-10 18:02:41 - MT5_EA - INFO - -------------------- New Tick --------------------
2025-06-10 18:02:41 - MT5_EA - INFO - Strategy Signal for EURUSD: HOLD
2025-06-10 18:02:41 - MT5_EA - INFO - Sleeping for 60 seconds...
2025-06-10 18:03:41 - MT5_EA - INFO - -------------------- New Tick --------------------
2025-06-10 18:03:41 - MT5_EA - INFO - Strategy Signal for EURUSD: HOLD
2025-06-10 18:03:41 - MT5_EA - INFO - Sleeping for 60 seconds...
2025-06-10 18:04:41 - MT5_EA - INFO - -------------------- New Tick --------------------
2025-06-10 18:04:41 - MT5_EA - INFO - Strategy Signal for EURUSD: HOLD
2025-06-10 18:04:41 - MT5_EA - INFO - Sleeping for 60 seconds...
2025-06-10 18:05:41 - MT5_EA - INFO - -------------------- New Tick --------------------
2025-06-10 18:05:41 - MT5_EA - INFO - Strategy Signal for EURUSD: HOLD
2025-06-10 18:05:41 - MT5_EA - INFO - Sleeping for 60 seconds...
2025-06-10 18:06:41 - MT5_EA - INFO - -------------------- New Tick --------------------
2025-06-10 18:06:41 - MT5_EA - INFO - Strategy Signal for EURUSD: HOLD
2025-06-10 18:06:41 - MT5_EA - INFO - Sleeping for 60 seconds...
2025-06-10 18:07:41 - MT5_EA - INFO - -------------------- New Tick --------------------
2025-06-10 18:07:41 - MT5_EA - INFO - Strategy Signal for EURUSD: HOLD
2025-06-10 18:07:41 - MT5_EA - INFO - Sleeping for 60 seconds...
2025-06-10 18:08:41 - MT5_EA - INFO - -------------------- New Tick --------------------
2025-06-10 18:08:41 - MT5_EA - INFO - Strategy Signal for EURUSD: HOLD
2025-06-10 18:08:41 - MT5_EA - INFO - Sleeping for 60 seconds...
2025-06-10 18:09:41 - MT5_EA - INFO - -------------------- New Tick --------------------
2025-06-10 18:09:41 - MT5_EA - INFO - Strategy Signal for EURUSD: HOLD
2025-06-10 18:09:41 - MT5_EA - INFO - Sleeping for 60 seconds...
2025-06-10 18:10:41 - MT5_EA - INFO - -------------------- New Tick --------------------
2025-06-10 18:10:41 - MT5_EA - INFO - Strategy Signal for EURUSD: HOLD
2025-06-10 18:10:41 - MT5_EA - INFO - Sleeping for 60 seconds...
2025-06-10 18:11:41 - MT5_EA - INFO - -------------------- New Tick --------------------
2025-06-10 18:11:41 - MT5_EA - INFO - Strategy Signal for EURUSD: HOLD
2025-06-10 18:11:41 - MT5_EA - INFO - Sleeping for 60 seconds...
2025-06-10 18:12:41 - MT5_EA - INFO - -------------------- New Tick --------------------
2025-06-10 18:12:41 - MT5_EA - INFO - Strategy Signal for EURUSD: HOLD
2025-06-10 18:12:41 - MT5_EA - INFO - Sleeping for 60 seconds...
2025-06-10 18:13:41 - MT5_EA - INFO - -------------------- New Tick --------------------
2025-06-10 18:13:41 - MT5_EA - INFO - Strategy Signal for EURUSD: HOLD
2025-06-10 18:13:41 - MT5_EA - INFO - Sleeping for 60 seconds...
2025-06-10 18:14:41 - MT5_EA - INFO - -------------------- New Tick --------------------
2025-06-10 18:14:41 - MT5_EA - INFO - Strategy Signal for EURUSD: SELL
2025-06-10 18:14:41 - MT5_EA - INFO - Calculated SL: 1.14304, TP: 1.14004
2025-06-10 18:14:41 - MT5_EA - INFO - Attempting to place order: EURUSD, Type: SELL, Vol: 0.01
2025-06-10 18:14:41 - MT5_EA - ERROR - Order send failed, retcode=10027 - AutoTrading disabled by client
2025-06-10 18:14:41 - MT5_EA - INFO - Sleeping for 60 seconds...
2025-06-10 18:15:41 - MT5_EA - INFO - -------------------- New Tick --------------------
2025-06-10 18:15:41 - MT5_EA - INFO - Strategy Signal for EURUSD: HOLD
2025-06-10 18:15:41 - MT5_EA - INFO - Sleeping for 60 seconds...
2025-06-10 18:16:41 - MT5_EA - INFO - -------------------- New Tick --------------------
2025-06-10 18:16:41 - MT5_EA - INFO - Strategy Signal for EURUSD: HOLD
2025-06-10 18:16:41 - MT5_EA - INFO - Sleeping for 60 seconds...
2025-06-10 18:17:41 - MT5_EA - INFO - -------------------- New Tick --------------------
2025-06-10 18:17:41 - MT5_EA - INFO - Strategy Signal for EURUSD: HOLD
2025-06-10 18:17:41 - MT5_EA - INFO - Sleeping for 60 seconds...
2025-06-10 18:18:41 - MT5_EA - INFO - -------------------- New Tick --------------------
2025-06-10 18:18:41 - MT5_EA - INFO - Strategy Signal for EURUSD: HOLD
2025-06-10 18:18:41 - MT5_EA - INFO - Sleeping for 60 seconds...
2025-06-10 18:19:41 - MT5_EA - INFO - -------------------- New Tick --------------------
2025-06-10 18:19:41 - MT5_EA - INFO - Strategy Signal for EURUSD: HOLD
2025-06-10 18:19:41 - MT5_EA - INFO - Sleeping for 60 seconds...
2025-06-10 18:20:41 - MT5_EA - INFO - -------------------- New Tick --------------------
2025-06-10 18:20:41 - MT5_EA - INFO - Strategy Signal for EURUSD: HOLD
2025-06-10 18:20:41 - MT5_EA - INFO - Sleeping for 60 seconds...
2025-06-10 18:21:41 - MT5_EA - INFO - -------------------- New Tick --------------------
2025-06-10 18:21:41 - MT5_EA - INFO - Strategy Signal for EURUSD: HOLD
2025-06-10 18:21:41 - MT5_EA - INFO - Sleeping for 60 seconds...
2025-06-10 18:22:41 - MT5_EA - INFO - -------------------- New Tick --------------------
2025-06-10 18:22:41 - MT5_EA - INFO - Strategy Signal for EURUSD: HOLD
2025-06-10 18:22:41 - MT5_EA - INFO - Sleeping for 60 seconds...
2025-06-10 18:23:41 - MT5_EA - INFO - -------------------- New Tick --------------------
2025-06-10 18:23:41 - MT5_EA - INFO - Strategy Signal for EURUSD: HOLD
2025-06-10 18:23:41 - MT5_EA - INFO - Sleeping for 60 seconds...
2025-06-10 18:24:41 - MT5_EA - INFO - -------------------- New Tick --------------------
2025-06-10 18:24:41 - MT5_EA - INFO - Strategy Signal for EURUSD: HOLD
2025-06-10 18:24:41 - MT5_EA - INFO - Sleeping for 60 seconds...
2025-06-10 18:25:41 - MT5_EA - INFO - -------------------- New Tick --------------------
2025-06-10 18:25:41 - MT5_EA - INFO - Strategy Signal for EURUSD: HOLD
2025-06-10 18:25:41 - MT5_EA - INFO - Sleeping for 60 seconds...
2025-06-10 18:26:41 - MT5_EA - INFO - -------------------- New Tick --------------------
2025-06-10 18:26:41 - MT5_EA - INFO - Strategy Signal for EURUSD: HOLD
2025-06-10 18:26:41 - MT5_EA - INFO - Sleeping for 60 seconds...
2025-06-10 18:27:41 - MT5_EA - INFO - -------------------- New Tick --------------------
2025-06-10 18:27:41 - MT5_EA - INFO - Strategy Signal for EURUSD: HOLD
2025-06-10 18:27:41 - MT5_EA - INFO - Sleeping for 60 seconds...
2025-06-10 18:28:41 - MT5_EA - INFO - -------------------- New Tick --------------------
2025-06-10 18:28:41 - MT5_EA - INFO - Strategy Signal for EURUSD: HOLD
2025-06-10 18:28:41 - MT5_EA - INFO - Sleeping for 60 seconds...
2025-06-10 18:29:41 - MT5_EA - INFO - -------------------- New Tick --------------------
2025-06-10 18:29:41 - MT5_EA - INFO - Strategy Signal for EURUSD: HOLD
2025-06-10 18:29:41 - MT5_EA - INFO - Sleeping for 60 seconds...
2025-06-10 18:30:41 - MT5_EA - INFO - -------------------- New Tick --------------------
2025-06-10 18:30:41 - MT5_EA - INFO - Strategy Signal for EURUSD: HOLD
2025-06-10 18:30:41 - MT5_EA - INFO - Sleeping for 60 seconds...
2025-06-10 18:31:41 - MT5_EA - INFO - -------------------- New Tick --------------------
2025-06-10 18:31:41 - MT5_EA - INFO - Strategy Signal for EURUSD: HOLD
2025-06-10 18:31:41 - MT5_EA - INFO - Sleeping for 60 seconds...
2025-06-10 18:32:41 - MT5_EA - INFO - -------------------- New Tick --------------------
2025-06-10 18:32:41 - MT5_EA - INFO - Strategy Signal for EURUSD: HOLD
2025-06-10 18:32:41 - MT5_EA - INFO - Sleeping for 60 seconds...
2025-06-10 18:33:41 - MT5_EA - INFO - -------------------- New Tick --------------------
2025-06-10 18:33:41 - MT5_EA - INFO - Strategy Signal for EURUSD: HOLD
2025-06-10 18:33:41 - MT5_EA - INFO - Sleeping for 60 seconds...
2025-06-10 18:34:41 - MT5_EA - INFO - -------------------- New Tick --------------------
2025-06-10 18:34:41 - MT5_EA - INFO - Strategy Signal for EURUSD: HOLD
2025-06-10 18:34:41 - MT5_EA - INFO - Sleeping for 60 seconds...
2025-06-10 18:35:41 - MT5_EA - INFO - -------------------- New Tick --------------------
2025-06-10 18:35:41 - MT5_EA - INFO - Strategy Signal for EURUSD: HOLD
2025-06-10 18:35:41 - MT5_EA - INFO - Sleeping for 60 seconds...
2025-06-10 18:36:41 - MT5_EA - INFO - -------------------- New Tick --------------------
2025-06-10 18:36:41 - MT5_EA - INFO - Strategy Signal for EURUSD: HOLD
2025-06-10 18:36:41 - MT5_EA - INFO - Sleeping for 60 seconds...
2025-06-10 18:37:41 - MT5_EA - INFO - -------------------- New Tick --------------------
2025-06-10 18:37:41 - MT5_EA - INFO - Strategy Signal for EURUSD: HOLD
2025-06-10 18:37:41 - MT5_EA - INFO - Sleeping for 60 seconds...
2025-06-10 18:38:41 - MT5_EA - INFO - -------------------- New Tick --------------------
2025-06-10 18:38:41 - MT5_EA - INFO - Strategy Signal for EURUSD: HOLD
2025-06-10 18:38:41 - MT5_EA - INFO - Sleeping for 60 seconds...
2025-06-10 18:39:41 - MT5_EA - INFO - -------------------- New Tick --------------------
2025-06-10 18:39:41 - MT5_EA - INFO - Strategy Signal for EURUSD: HOLD
2025-06-10 18:39:41 - MT5_EA - INFO - Sleeping for 60 seconds...
2025-06-10 18:40:41 - MT5_EA - INFO - -------------------- New Tick --------------------
2025-06-10 18:40:41 - MT5_EA - INFO - Strategy Signal for EURUSD: HOLD
2025-06-10 18:40:41 - MT5_EA - INFO - Sleeping for 60 seconds...
2025-06-10 18:41:41 - MT5_EA - INFO - -------------------- New Tick --------------------
2025-06-10 18:41:41 - MT5_EA - INFO - Strategy Signal for EURUSD: HOLD
2025-06-10 18:41:41 - MT5_EA - INFO - Sleeping for 60 seconds...
2025-06-10 18:42:41 - MT5_EA - INFO - -------------------- New Tick --------------------
2025-06-10 18:42:41 - MT5_EA - INFO - Strategy Signal for EURUSD: BUY
2025-06-10 18:42:41 - MT5_EA - INFO - Calculated SL: 1.1414, TP: 1.1444
2025-06-10 18:42:41 - MT5_EA - INFO - Attempting to place order: EURUSD, Type: BUY, Vol: 0.01
2025-06-10 18:42:41 - MT5_EA - INFO - Order placed successfully. Ticket: 3919474578, Price: 1.1424, Volume: 0.01
2025-06-10 18:42:41 - MT5_EA - INFO - Sleeping for 60 seconds...
2025-06-10 18:43:41 - MT5_EA - INFO - -------------------- New Tick --------------------
2025-06-10 18:43:41 - MT5_EA - INFO - Strategy Signal for EURUSD: HOLD
2025-06-10 18:43:41 - MT5_EA - INFO - Holding current BUY position. No action needed.
2025-06-10 18:43:41 - MT5_EA - INFO - Sleeping for 60 seconds...
2025-06-10 18:44:41 - MT5_EA - INFO - -------------------- New Tick --------------------
2025-06-10 18:44:41 - MT5_EA - INFO - Strategy Signal for EURUSD: HOLD
2025-06-10 18:44:41 - MT5_EA - INFO - Holding current BUY position. No action needed.
2025-06-10 18:44:41 - MT5_EA - INFO - Sleeping for 60 seconds...
2025-06-10 18:45:41 - MT5_EA - INFO - -------------------- New Tick --------------------
2025-06-10 18:45:41 - MT5_EA - INFO - Strategy Signal for EURUSD: HOLD
2025-06-10 18:45:41 - MT5_EA - INFO - Holding current BUY position. No action needed.
2025-06-10 18:45:41 - MT5_EA - INFO - Sleeping for 60 seconds...
2025-06-10 18:46:41 - MT5_EA - INFO - -------------------- New Tick --------------------
2025-06-10 18:46:41 - MT5_EA - INFO - Strategy Signal for EURUSD: HOLD
2025-06-10 18:46:41 - MT5_EA - INFO - Holding current BUY position. No action needed.
2025-06-10 18:46:41 - MT5_EA - INFO - Sleeping for 60 seconds...
2025-06-10 18:47:41 - MT5_EA - INFO - -------------------- New Tick --------------------
2025-06-10 18:47:41 - MT5_EA - INFO - Strategy Signal for EURUSD: HOLD
2025-06-10 18:47:41 - MT5_EA - INFO - Holding current BUY position. No action needed.
2025-06-10 18:47:41 - MT5_EA - INFO - Sleeping for 60 seconds...
2025-06-10 18:47:51 - MT5_EA - INFO - EA stopped by user (KeyboardInterrupt).
2025-06-10 18:47:51 - MT5_EA - INFO - Shutting down MT5 connection.
2025-06-10 18:47:51 - MT5_EA - INFO - Python Expert Advisor has been shut down.
2025-06-11 07:26:38 - MT5_EA - INFO - Starting Python Expert Advisor
2025-06-11 07:26:38 - MT5_EA - INFO - Initializing MT5 connection...
2025-06-11 07:26:38 - MT5_EA - INFO - MT5 connection successful to account 93083332.
2025-06-11 07:26:38 - MT5_EA - INFO - -------------------- New Tick --------------------
2025-06-11 07:26:38 - MT5_EA - INFO - Strategy Signal for EURUSD: HOLD
2025-06-11 07:26:38 - MT5_EA - INFO - Sleeping for 60 seconds...
2025-06-11 07:27:38 - MT5_EA - INFO - -------------------- New Tick --------------------
2025-06-11 07:27:38 - MT5_EA - INFO - Strategy Signal for EURUSD: HOLD
2025-06-11 07:27:38 - MT5_EA - INFO - Sleeping for 60 seconds...
2025-06-11 07:28:38 - MT5_EA - INFO - -------------------- New Tick --------------------
2025-06-11 07:28:38 - MT5_EA - INFO - Strategy Signal for EURUSD: HOLD
2025-06-11 07:28:38 - MT5_EA - INFO - Sleeping for 60 seconds...
2025-06-11 07:29:38 - MT5_EA - INFO - -------------------- New Tick --------------------
2025-06-11 07:29:38 - MT5_EA - INFO - Strategy Signal for EURUSD: HOLD
2025-06-11 07:29:38 - MT5_EA - INFO - Sleeping for 60 seconds...
2025-06-11 07:30:38 - MT5_EA - INFO - -------------------- New Tick --------------------
2025-06-11 07:30:38 - MT5_EA - INFO - Strategy Signal for EURUSD: HOLD
2025-06-11 07:30:38 - MT5_EA - INFO - Sleeping for 60 seconds...
2025-06-11 07:31:38 - MT5_EA - INFO - -------------------- New Tick --------------------
2025-06-11 07:31:38 - MT5_EA - INFO - Strategy Signal for EURUSD: HOLD
2025-06-11 07:31:38 - MT5_EA - INFO - Sleeping for 60 seconds...
2025-06-11 07:32:38 - MT5_EA - INFO - -------------------- New Tick --------------------
2025-06-11 07:32:38 - MT5_EA - INFO - Strategy Signal for EURUSD: HOLD
2025-06-11 07:32:38 - MT5_EA - INFO - Sleeping for 60 seconds...
2025-06-11 07:33:38 - MT5_EA - INFO - -------------------- New Tick --------------------
2025-06-11 07:33:38 - MT5_EA - INFO - Strategy Signal for EURUSD: HOLD
2025-06-11 07:33:38 - MT5_EA - INFO - Sleeping for 60 seconds...
2025-06-11 07:34:38 - MT5_EA - INFO - -------------------- New Tick --------------------
2025-06-11 07:34:38 - MT5_EA - INFO - Strategy Signal for EURUSD: HOLD
2025-06-11 07:34:38 - MT5_EA - INFO - Sleeping for 60 seconds...
2025-06-11 07:35:38 - MT5_EA - INFO - -------------------- New Tick --------------------
2025-06-11 07:35:38 - MT5_EA - INFO - Strategy Signal for EURUSD: HOLD
2025-06-11 07:35:38 - MT5_EA - INFO - Sleeping for 60 seconds...
2025-06-11 07:36:38 - MT5_EA - INFO - -------------------- New Tick --------------------
2025-06-11 07:36:38 - MT5_EA - INFO - Strategy Signal for EURUSD: HOLD
2025-06-11 07:36:38 - MT5_EA - INFO - Sleeping for 60 seconds...
2025-06-11 07:37:38 - MT5_EA - INFO - -------------------- New Tick --------------------
2025-06-11 07:37:38 - MT5_EA - INFO - Strategy Signal for EURUSD: HOLD
2025-06-11 07:37:38 - MT5_EA - INFO - Sleeping for 60 seconds...
2025-06-11 07:38:38 - MT5_EA - INFO - -------------------- New Tick --------------------
2025-06-11 07:38:38 - MT5_EA - INFO - Strategy Signal for EURUSD: HOLD
2025-06-11 07:38:38 - MT5_EA - INFO - Sleeping for 60 seconds...
2025-06-11 07:39:38 - MT5_EA - INFO - -------------------- New Tick --------------------
2025-06-11 07:39:38 - MT5_EA - INFO - Strategy Signal for EURUSD: HOLD
2025-06-11 07:39:38 - MT5_EA - INFO - Sleeping for 60 seconds...
2025-06-11 07:40:38 - MT5_EA - INFO - -------------------- New Tick --------------------
2025-06-11 07:40:38 - MT5_EA - INFO - Strategy Signal for EURUSD: BUY
2025-06-11 07:40:38 - MT5_EA - INFO - Calculated SL: 1.14035, TP: 1.14335
2025-06-11 07:40:38 - MT5_EA - INFO - Attempting to place order: EURUSD, Type: BUY, Vol: 0.01
2025-06-11 07:40:39 - MT5_EA - INFO - Order placed successfully. Ticket: 3922276778, Price: 1.14135, Volume: 0.01
2025-06-11 07:40:39 - MT5_EA - INFO - Sleeping for 60 seconds...
2025-06-11 07:41:39 - MT5_EA - INFO - -------------------- New Tick --------------------
2025-06-11 07:41:39 - MT5_EA - INFO - Strategy Signal for EURUSD: HOLD
2025-06-11 07:41:39 - MT5_EA - INFO - Holding current BUY position. No action needed.
2025-06-11 07:41:39 - MT5_EA - INFO - Sleeping for 60 seconds...
2025-06-11 07:42:39 - MT5_EA - INFO - -------------------- New Tick --------------------
2025-06-11 07:42:39 - MT5_EA - INFO - Strategy Signal for EURUSD: HOLD
2025-06-11 07:42:39 - MT5_EA - INFO - Holding current BUY position. No action needed.
2025-06-11 07:42:39 - MT5_EA - INFO - Sleeping for 60 seconds...
2025-06-11 07:43:39 - MT5_EA - INFO - -------------------- New Tick --------------------
2025-06-11 07:43:39 - MT5_EA - INFO - Strategy Signal for EURUSD: HOLD
2025-06-11 07:43:39 - MT5_EA - INFO - Holding current BUY position. No action needed.
2025-06-11 07:43:39 - MT5_EA - INFO - Sleeping for 60 seconds...
2025-06-11 07:44:39 - MT5_EA - INFO - -------------------- New Tick --------------------
2025-06-11 07:44:39 - MT5_EA - INFO - Strategy Signal for EURUSD: HOLD
2025-06-11 07:44:39 - MT5_EA - INFO - Holding current BUY position. No action needed.
2025-06-11 07:44:39 - MT5_EA - INFO - Sleeping for 60 seconds...
2025-06-11 07:45:39 - MT5_EA - INFO - -------------------- New Tick --------------------
2025-06-11 07:45:39 - MT5_EA - INFO - Strategy Signal for EURUSD: HOLD
2025-06-11 07:45:39 - MT5_EA - INFO - Holding current BUY position. No action needed.
2025-06-11 07:45:39 - MT5_EA - INFO - Sleeping for 60 seconds...
2025-06-11 07:46:39 - MT5_EA - INFO - -------------------- New Tick --------------------
2025-06-11 07:46:39 - MT5_EA - INFO - Strategy Signal for EURUSD: HOLD
2025-06-11 07:46:39 - MT5_EA - INFO - Holding current BUY position. No action needed.
2025-06-11 07:46:39 - MT5_EA - INFO - Sleeping for 60 seconds...
2025-06-11 07:47:39 - MT5_EA - INFO - -------------------- New Tick --------------------
2025-06-11 07:47:39 - MT5_EA - INFO - Strategy Signal for EURUSD: HOLD
2025-06-11 07:47:39 - MT5_EA - INFO - Holding current BUY position. No action needed.
2025-06-11 07:47:39 - MT5_EA - INFO - Sleeping for 60 seconds...
2025-06-11 07:48:39 - MT5_EA - INFO - -------------------- New Tick --------------------
2025-06-11 07:48:39 - MT5_EA - INFO - Strategy Signal for EURUSD: HOLD
2025-06-11 07:48:39 - MT5_EA - INFO - Holding current BUY position. No action needed.
2025-06-11 07:48:39 - MT5_EA - INFO - Sleeping for 60 seconds...
2025-06-11 07:49:39 - MT5_EA - INFO - -------------------- New Tick --------------------
2025-06-11 07:49:39 - MT5_EA - INFO - Strategy Signal for EURUSD: HOLD
2025-06-11 07:49:39 - MT5_EA - INFO - Holding current BUY position. No action needed.
2025-06-11 07:49:39 - MT5_EA - INFO - Sleeping for 60 seconds...
2025-06-11 07:50:39 - MT5_EA - INFO - -------------------- New Tick --------------------
2025-06-11 07:50:39 - MT5_EA - INFO - Strategy Signal for EURUSD: HOLD
2025-06-11 07:50:39 - MT5_EA - INFO - Holding current BUY position. No action needed.
2025-06-11 07:50:39 - MT5_EA - INFO - Sleeping for 60 seconds...
2025-06-11 07:51:39 - MT5_EA - INFO - -------------------- New Tick --------------------
2025-06-11 07:51:39 - MT5_EA - INFO - Strategy Signal for EURUSD: HOLD
2025-06-11 07:51:39 - MT5_EA - INFO - Holding current BUY position. No action needed.
2025-06-11 07:51:39 - MT5_EA - INFO - Sleeping for 60 seconds...
2025-06-11 07:52:39 - MT5_EA - INFO - -------------------- New Tick --------------------
2025-06-11 07:52:39 - MT5_EA - INFO - Strategy Signal for EURUSD: HOLD
2025-06-11 07:52:39 - MT5_EA - INFO - Holding current BUY position. No action needed.
2025-06-11 07:52:39 - MT5_EA - INFO - Sleeping for 60 seconds...
2025-06-11 07:53:39 - MT5_EA - INFO - -------------------- New Tick --------------------
2025-06-11 07:53:39 - MT5_EA - INFO - Strategy Signal for EURUSD: HOLD
2025-06-11 07:53:39 - MT5_EA - INFO - Holding current BUY position. No action needed.
2025-06-11 07:53:39 - MT5_EA - INFO - Sleeping for 60 seconds...
2025-06-11 07:54:39 - MT5_EA - INFO - -------------------- New Tick --------------------
2025-06-11 07:54:39 - MT5_EA - INFO - Strategy Signal for EURUSD: HOLD
2025-06-11 07:54:39 - MT5_EA - INFO - Holding current BUY position. No action needed.
2025-06-11 07:54:39 - MT5_EA - INFO - Sleeping for 60 seconds...
2025-06-11 07:55:39 - MT5_EA - INFO - -------------------- New Tick --------------------
2025-06-11 07:55:39 - MT5_EA - INFO - Strategy Signal for EURUSD: HOLD
2025-06-11 07:55:39 - MT5_EA - INFO - Holding current BUY position. No action needed.
2025-06-11 07:55:39 - MT5_EA - INFO - Sleeping for 60 seconds...
2025-06-11 07:58:40 - MT5_EA - INFO - -------------------- New Tick --------------------
2025-06-11 07:58:40 - MT5_EA - INFO - Strategy Signal for EURUSD: HOLD
2025-06-11 07:58:40 - MT5_EA - INFO - Holding current BUY position. No action needed.
2025-06-11 07:58:40 - MT5_EA - INFO - Sleeping for 60 seconds...
2025-06-11 07:59:40 - MT5_EA - INFO - -------------------- New Tick --------------------
2025-06-11 07:59:40 - MT5_EA - INFO - Strategy Signal for EURUSD: HOLD
2025-06-11 07:59:40 - MT5_EA - INFO - Holding current BUY position. No action needed.
2025-06-11 07:59:40 - MT5_EA - INFO - Sleeping for 60 seconds...
2025-06-11 08:00:40 - MT5_EA - INFO - -------------------- New Tick --------------------
2025-06-11 08:00:40 - MT5_EA - INFO - Strategy Signal for EURUSD: HOLD
2025-06-11 08:00:40 - MT5_EA - INFO - Holding current BUY position. No action needed.
2025-06-11 08:00:40 - MT5_EA - INFO - Sleeping for 60 seconds...
2025-06-11 08:01:40 - MT5_EA - INFO - -------------------- New Tick --------------------
2025-06-11 08:01:40 - MT5_EA - INFO - Strategy Signal for EURUSD: HOLD
2025-06-11 08:01:40 - MT5_EA - INFO - Holding current BUY position. No action needed.
2025-06-11 08:01:40 - MT5_EA - INFO - Sleeping for 60 seconds...
2025-06-11 08:02:40 - MT5_EA - INFO - -------------------- New Tick --------------------
2025-06-11 08:02:40 - MT5_EA - INFO - Strategy Signal for EURUSD: HOLD
2025-06-11 08:02:40 - MT5_EA - INFO - Holding current BUY position. No action needed.
2025-06-11 08:02:40 - MT5_EA - INFO - Sleeping for 60 seconds...
2025-06-11 08:03:40 - MT5_EA - INFO - -------------------- New Tick --------------------
2025-06-11 08:03:40 - MT5_EA - INFO - Strategy Signal for EURUSD: HOLD
2025-06-11 08:03:40 - MT5_EA - INFO - Holding current BUY position. No action needed.
2025-06-11 08:03:40 - MT5_EA - INFO - Sleeping for 60 seconds...
2025-06-11 08:04:40 - MT5_EA - INFO - -------------------- New Tick --------------------
2025-06-11 08:04:40 - MT5_EA - INFO - Strategy Signal for EURUSD: HOLD
2025-06-11 08:04:40 - MT5_EA - INFO - Holding current BUY position. No action needed.
2025-06-11 08:04:40 - MT5_EA - INFO - Sleeping for 60 seconds...
2025-06-11 08:05:40 - MT5_EA - INFO - -------------------- New Tick --------------------
2025-06-11 08:05:40 - MT5_EA - INFO - Strategy Signal for EURUSD: HOLD
2025-06-11 08:05:40 - MT5_EA - INFO - Holding current BUY position. No action needed.
2025-06-11 08:05:40 - MT5_EA - INFO - Sleeping for 60 seconds...
2025-06-11 08:06:40 - MT5_EA - INFO - -------------------- New Tick --------------------
2025-06-11 08:06:40 - MT5_EA - INFO - Strategy Signal for EURUSD: HOLD
2025-06-11 08:06:40 - MT5_EA - INFO - Holding current BUY position. No action needed.
2025-06-11 08:06:40 - MT5_EA - INFO - Sleeping for 60 seconds...
2025-06-11 08:07:40 - MT5_EA - INFO - -------------------- New Tick --------------------
2025-06-11 08:07:40 - MT5_EA - INFO - Strategy Signal for EURUSD: HOLD
2025-06-11 08:07:40 - MT5_EA - INFO - Holding current BUY position. No action needed.
2025-06-11 08:07:40 - MT5_EA - INFO - Sleeping for 60 seconds...
2025-06-11 08:08:40 - MT5_EA - INFO - -------------------- New Tick --------------------
2025-06-11 08:08:40 - MT5_EA - INFO - Strategy Signal for EURUSD: HOLD
2025-06-11 08:08:40 - MT5_EA - INFO - Holding current BUY position. No action needed.
2025-06-11 08:08:40 - MT5_EA - INFO - Sleeping for 60 seconds...
2025-06-11 08:09:40 - MT5_EA - INFO - -------------------- New Tick --------------------
2025-06-11 08:09:40 - MT5_EA - INFO - Strategy Signal for EURUSD: HOLD
2025-06-11 08:09:40 - MT5_EA - INFO - Holding current BUY position. No action needed.
2025-06-11 08:09:40 - MT5_EA - INFO - Sleeping for 60 seconds...
2025-06-11 08:10:40 - MT5_EA - INFO - -------------------- New Tick --------------------
2025-06-11 08:10:40 - MT5_EA - INFO - Strategy Signal for EURUSD: HOLD
2025-06-11 08:10:40 - MT5_EA - INFO - Holding current BUY position. No action needed.
2025-06-11 08:10:40 - MT5_EA - INFO - Sleeping for 60 seconds...
2025-06-11 08:11:40 - MT5_EA - INFO - -------------------- New Tick --------------------
2025-06-11 08:11:40 - MT5_EA - INFO - Strategy Signal for EURUSD: HOLD
2025-06-11 08:11:40 - MT5_EA - INFO - Holding current BUY position. No action needed.
2025-06-11 08:11:40 - MT5_EA - INFO - Sleeping for 60 seconds...
2025-06-11 08:12:40 - MT5_EA - INFO - -------------------- New Tick --------------------
2025-06-11 08:12:40 - MT5_EA - INFO - Strategy Signal for EURUSD: HOLD
2025-06-11 08:12:40 - MT5_EA - INFO - Holding current BUY position. No action needed.
2025-06-11 08:12:40 - MT5_EA - INFO - Sleeping for 60 seconds...
2025-06-11 08:13:40 - MT5_EA - INFO - -------------------- New Tick --------------------
2025-06-11 08:13:40 - MT5_EA - INFO - Strategy Signal for EURUSD: HOLD
2025-06-11 08:13:40 - MT5_EA - INFO - Holding current BUY position. No action needed.
2025-06-11 08:13:40 - MT5_EA - INFO - Sleeping for 60 seconds...
2025-06-11 08:14:40 - MT5_EA - INFO - -------------------- New Tick --------------------
2025-06-11 08:14:40 - MT5_EA - INFO - Strategy Signal for EURUSD: HOLD
2025-06-11 08:14:40 - MT5_EA - INFO - Holding current BUY position. No action needed.
2025-06-11 08:14:40 - MT5_EA - INFO - Sleeping for 60 seconds...
2025-06-11 08:15:40 - MT5_EA - INFO - -------------------- New Tick --------------------
2025-06-11 08:15:40 - MT5_EA - INFO - Strategy Signal for EURUSD: HOLD
2025-06-11 08:15:40 - MT5_EA - INFO - Holding current BUY position. No action needed.
2025-06-11 08:15:40 - MT5_EA - INFO - Sleeping for 60 seconds...
2025-06-11 08:16:40 - MT5_EA - INFO - -------------------- New Tick --------------------
2025-06-11 08:16:40 - MT5_EA - INFO - Strategy Signal for EURUSD: HOLD
2025-06-11 08:16:40 - MT5_EA - INFO - Holding current BUY position. No action needed.
2025-06-11 08:16:40 - MT5_EA - INFO - Sleeping for 60 seconds...
2025-06-11 08:17:40 - MT5_EA - INFO - -------------------- New Tick --------------------
2025-06-11 08:17:40 - MT5_EA - INFO - Strategy Signal for EURUSD: HOLD
2025-06-11 08:17:40 - MT5_EA - INFO - Holding current BUY position. No action needed.
2025-06-11 08:17:40 - MT5_EA - INFO - Sleeping for 60 seconds...
2025-06-11 08:18:40 - MT5_EA - INFO - -------------------- New Tick --------------------
2025-06-11 08:18:40 - MT5_EA - INFO - Strategy Signal for EURUSD: HOLD
2025-06-11 08:18:40 - MT5_EA - INFO - Holding current BUY position. No action needed.
2025-06-11 08:18:40 - MT5_EA - INFO - Sleeping for 60 seconds...
2025-06-11 08:19:40 - MT5_EA - INFO - -------------------- New Tick --------------------
2025-06-11 08:19:40 - MT5_EA - INFO - Strategy Signal for EURUSD: HOLD
2025-06-11 08:19:40 - MT5_EA - INFO - Holding current BUY position. No action needed.
2025-06-11 08:19:40 - MT5_EA - INFO - Sleeping for 60 seconds...
2025-06-11 08:20:40 - MT5_EA - INFO - -------------------- New Tick --------------------
2025-06-11 08:20:40 - MT5_EA - INFO - Strategy Signal for EURUSD: HOLD
2025-06-11 08:20:40 - MT5_EA - INFO - Holding current BUY position. No action needed.
2025-06-11 08:20:40 - MT5_EA - INFO - Sleeping for 60 seconds...
2025-06-11 08:21:40 - MT5_EA - INFO - -------------------- New Tick --------------------
2025-06-11 08:21:40 - MT5_EA - INFO - Strategy Signal for EURUSD: HOLD
2025-06-11 08:21:40 - MT5_EA - INFO - Holding current BUY position. No action needed.
2025-06-11 08:21:40 - MT5_EA - INFO - Sleeping for 60 seconds...
2025-06-11 08:22:40 - MT5_EA - INFO - -------------------- New Tick --------------------
2025-06-11 08:22:40 - MT5_EA - INFO - Strategy Signal for EURUSD: HOLD
2025-06-11 08:22:40 - MT5_EA - INFO - Holding current BUY position. No action needed.
2025-06-11 08:22:40 - MT5_EA - INFO - Sleeping for 60 seconds...
2025-06-11 08:23:40 - MT5_EA - INFO - -------------------- New Tick --------------------
2025-06-11 08:23:40 - MT5_EA - INFO - Strategy Signal for EURUSD: HOLD
2025-06-11 08:23:40 - MT5_EA - INFO - Holding current BUY position. No action needed.
2025-06-11 08:23:40 - MT5_EA - INFO - Sleeping for 60 seconds...
2025-06-11 08:24:40 - MT5_EA - INFO - -------------------- New Tick --------------------
2025-06-11 08:24:40 - MT5_EA - INFO - Strategy Signal for EURUSD: HOLD
2025-06-11 08:24:40 - MT5_EA - INFO - Holding current BUY position. No action needed.
2025-06-11 08:24:40 - MT5_EA - INFO - Sleeping for 60 seconds...
2025-06-11 08:25:40 - MT5_EA - INFO - -------------------- New Tick --------------------
2025-06-11 08:25:40 - MT5_EA - INFO - Strategy Signal for EURUSD: HOLD
2025-06-11 08:25:40 - MT5_EA - INFO - Holding current BUY position. No action needed.
2025-06-11 08:25:40 - MT5_EA - INFO - Sleeping for 60 seconds...
2025-06-11 08:26:40 - MT5_EA - INFO - -------------------- New Tick --------------------
2025-06-11 08:26:40 - MT5_EA - INFO - Strategy Signal for EURUSD: HOLD
2025-06-11 08:26:40 - MT5_EA - INFO - Holding current BUY position. No action needed.
2025-06-11 08:26:40 - MT5_EA - INFO - Sleeping for 60 seconds...
2025-06-11 08:27:40 - MT5_EA - INFO - -------------------- New Tick --------------------
2025-06-11 08:27:40 - MT5_EA - INFO - Strategy Signal for EURUSD: HOLD
2025-06-11 08:27:40 - MT5_EA - INFO - Holding current BUY position. No action needed.
2025-06-11 08:27:40 - MT5_EA - INFO - Sleeping for 60 seconds...
2025-06-11 08:28:40 - MT5_EA - INFO - -------------------- New Tick --------------------
2025-06-11 08:28:40 - MT5_EA - INFO - Strategy Signal for EURUSD: HOLD
2025-06-11 08:28:40 - MT5_EA - INFO - Holding current BUY position. No action needed.
2025-06-11 08:28:40 - MT5_EA - INFO - Sleeping for 60 seconds...
2025-06-11 08:29:40 - MT5_EA - INFO - -------------------- New Tick --------------------
2025-06-11 08:29:40 - MT5_EA - INFO - Strategy Signal for EURUSD: HOLD
2025-06-11 08:29:40 - MT5_EA - INFO - Holding current BUY position. No action needed.
2025-06-11 08:29:40 - MT5_EA - INFO - Sleeping for 60 seconds...
2025-06-11 08:30:40 - MT5_EA - INFO - -------------------- New Tick --------------------
2025-06-11 08:30:40 - MT5_EA - INFO - Strategy Signal for EURUSD: HOLD
2025-06-11 08:30:40 - MT5_EA - INFO - Holding current BUY position. No action needed.
2025-06-11 08:30:40 - MT5_EA - INFO - Sleeping for 60 seconds...
2025-06-11 08:31:40 - MT5_EA - INFO - -------------------- New Tick --------------------
2025-06-11 08:31:40 - MT5_EA - INFO - Strategy Signal for EURUSD: HOLD
2025-06-11 08:31:40 - MT5_EA - INFO - Holding current BUY position. No action needed.
2025-06-11 08:31:40 - MT5_EA - INFO - Sleeping for 60 seconds...
2025-06-11 08:32:40 - MT5_EA - INFO - -------------------- New Tick --------------------
2025-06-11 08:32:40 - MT5_EA - INFO - Strategy Signal for EURUSD: HOLD
2025-06-11 08:32:40 - MT5_EA - INFO - Holding current BUY position. No action needed.
2025-06-11 08:32:40 - MT5_EA - INFO - Sleeping for 60 seconds...
2025-06-11 08:33:40 - MT5_EA - INFO - -------------------- New Tick --------------------
2025-06-11 08:33:40 - MT5_EA - INFO - Strategy Signal for EURUSD: HOLD
2025-06-11 08:33:40 - MT5_EA - INFO - Holding current BUY position. No action needed.
2025-06-11 08:33:40 - MT5_EA - INFO - Sleeping for 60 seconds...
2025-06-11 08:34:40 - MT5_EA - INFO - -------------------- New Tick --------------------
2025-06-11 08:34:40 - MT5_EA - INFO - Strategy Signal for EURUSD: HOLD
2025-06-11 08:34:40 - MT5_EA - INFO - Holding current BUY position. No action needed.
2025-06-11 08:34:40 - MT5_EA - INFO - Sleeping for 60 seconds...
2025-06-11 08:35:41 - MT5_EA - INFO - -------------------- New Tick --------------------
2025-06-11 08:35:41 - MT5_EA - INFO - Strategy Signal for EURUSD: HOLD
2025-06-11 08:35:41 - MT5_EA - INFO - Holding current BUY position. No action needed.
2025-06-11 08:35:41 - MT5_EA - INFO - Sleeping for 60 seconds...
2025-06-11 08:36:41 - MT5_EA - INFO - -------------------- New Tick --------------------
2025-06-11 08:36:41 - MT5_EA - INFO - Strategy Signal for EURUSD: HOLD
2025-06-11 08:36:41 - MT5_EA - INFO - Holding current BUY position. No action needed.
2025-06-11 08:36:41 - MT5_EA - INFO - Sleeping for 60 seconds...
2025-06-11 08:37:41 - MT5_EA - INFO - -------------------- New Tick --------------------
2025-06-11 08:37:41 - MT5_EA - INFO - Strategy Signal for EURUSD: HOLD
2025-06-11 08:37:41 - MT5_EA - INFO - Holding current BUY position. No action needed.
2025-06-11 08:37:41 - MT5_EA - INFO - Sleeping for 60 seconds...
2025-06-11 08:38:41 - MT5_EA - INFO - -------------------- New Tick --------------------
2025-06-11 08:38:41 - MT5_EA - INFO - Strategy Signal for EURUSD: HOLD
2025-06-11 08:38:41 - MT5_EA - INFO - Holding current BUY position. No action needed.
2025-06-11 08:38:41 - MT5_EA - INFO - Sleeping for 60 seconds...
2025-06-11 08:39:41 - MT5_EA - INFO - -------------------- New Tick --------------------
2025-06-11 08:39:41 - MT5_EA - INFO - Strategy Signal for EURUSD: HOLD
2025-06-11 08:39:41 - MT5_EA - INFO - Holding current BUY position. No action needed.
2025-06-11 08:39:41 - MT5_EA - INFO - Sleeping for 60 seconds...
2025-06-11 08:40:41 - MT5_EA - INFO - -------------------- New Tick --------------------
2025-06-11 08:40:41 - MT5_EA - INFO - Strategy Signal for EURUSD: HOLD
2025-06-11 08:40:41 - MT5_EA - INFO - Holding current BUY position. No action needed.
2025-06-11 08:40:41 - MT5_EA - INFO - Sleeping for 60 seconds...
2025-06-11 08:41:41 - MT5_EA - INFO - -------------------- New Tick --------------------
2025-06-11 08:41:41 - MT5_EA - INFO - Strategy Signal for EURUSD: HOLD
2025-06-11 08:41:41 - MT5_EA - INFO - Sleeping for 60 seconds...
2025-06-11 08:42:41 - MT5_EA - INFO - -------------------- New Tick --------------------
2025-06-11 08:42:41 - MT5_EA - INFO - Strategy Signal for EURUSD: HOLD
2025-06-11 08:42:41 - MT5_EA - INFO - Sleeping for 60 seconds...
2025-06-11 08:43:41 - MT5_EA - INFO - -------------------- New Tick --------------------
2025-06-11 08:43:41 - MT5_EA - INFO - Strategy Signal for EURUSD: HOLD
2025-06-11 08:43:41 - MT5_EA - INFO - Sleeping for 60 seconds...
2025-06-11 08:44:41 - MT5_EA - INFO - -------------------- New Tick --------------------
2025-06-11 08:44:41 - MT5_EA - INFO - Strategy Signal for EURUSD: HOLD
2025-06-11 08:44:41 - MT5_EA - INFO - Sleeping for 60 seconds...
2025-06-11 08:45:41 - MT5_EA - INFO - -------------------- New Tick --------------------
2025-06-11 08:45:41 - MT5_EA - INFO - Strategy Signal for EURUSD: HOLD
2025-06-11 08:45:41 - MT5_EA - INFO - Sleeping for 60 seconds...
2025-06-11 08:46:41 - MT5_EA - INFO - -------------------- New Tick --------------------
2025-06-11 08:46:41 - MT5_EA - INFO - Strategy Signal for EURUSD: HOLD
2025-06-11 08:46:41 - MT5_EA - INFO - Sleeping for 60 seconds...
2025-06-11 08:47:41 - MT5_EA - INFO - -------------------- New Tick --------------------
2025-06-11 08:47:41 - MT5_EA - INFO - Strategy Signal for EURUSD: HOLD
2025-06-11 08:47:41 - MT5_EA - INFO - Sleeping for 60 seconds...
2025-06-11 08:48:30 - MT5_EA - INFO - EA stopped by user (KeyboardInterrupt).
2025-06-11 08:48:30 - MT5_EA - INFO - Shutting down MT5 connection.
2025-06-11 08:48:30 - MT5_EA - INFO - Python Expert Advisor has been shut down.
2025-06-11 08:53:44 - MT5_EA - INFO - Starting Python Multi-Symbol Expert Advisor
2025-06-11 08:53:44 - MT5_EA - INFO - Initializing MT5 connection...
2025-06-11 08:53:44 - MT5_EA - INFO - MT5 connection successful to account 93083332.
2025-06-11 08:53:44 - MT5_EA - INFO - EA configured to trade symbols: ['EURUSD', 'GBPUSD']
2025-06-11 08:53:44 - MT5_EA - INFO - -------------------- New Trading Cycle --------------------
2025-06-11 08:53:44 - MT5_EA - INFO - --- Processing symbol: EURUSD ---
2025-06-11 08:53:44 - MT5_EA - INFO - Strategy Signal for EURUSD: HOLD
2025-06-11 08:53:44 - MT5_EA - INFO - --- Processing symbol: GBPUSD ---
2025-06-11 08:53:44 - MT5_EA - INFO - Strategy Signal for GBPUSD: HOLD
2025-06-11 08:53:44 - MT5_EA - INFO - Cycle complete. Sleeping for 30 seconds...
2025-06-11 08:54:14 - MT5_EA - INFO - -------------------- New Trading Cycle --------------------
2025-06-11 08:54:14 - MT5_EA - INFO - --- Processing symbol: EURUSD ---
2025-06-11 08:54:14 - MT5_EA - INFO - Strategy Signal for EURUSD: HOLD
2025-06-11 08:54:14 - MT5_EA - INFO - --- Processing symbol: GBPUSD ---
2025-06-11 08:54:14 - MT5_EA - INFO - Strategy Signal for GBPUSD: HOLD
2025-06-11 08:54:14 - MT5_EA - INFO - Cycle complete. Sleeping for 30 seconds...
2025-06-11 08:54:44 - MT5_EA - INFO - -------------------- New Trading Cycle --------------------
2025-06-11 08:54:44 - MT5_EA - INFO - --- Processing symbol: EURUSD ---
2025-06-11 08:54:44 - MT5_EA - INFO - Strategy Signal for EURUSD: HOLD
2025-06-11 08:54:44 - MT5_EA - INFO - --- Processing symbol: GBPUSD ---
2025-06-11 08:54:44 - MT5_EA - INFO - Strategy Signal for GBPUSD: HOLD
2025-06-11 08:54:44 - MT5_EA - INFO - Cycle complete. Sleeping for 30 seconds...
2025-06-11 08:55:14 - MT5_EA - INFO - -------------------- New Trading Cycle --------------------
2025-06-11 08:55:14 - MT5_EA - INFO - --- Processing symbol: EURUSD ---
2025-06-11 08:55:14 - MT5_EA - INFO - Strategy Signal for EURUSD: HOLD
2025-06-11 08:55:14 - MT5_EA - INFO - --- Processing symbol: GBPUSD ---
2025-06-11 08:55:14 - MT5_EA - INFO - Strategy Signal for GBPUSD: HOLD
2025-06-11 08:55:14 - MT5_EA - INFO - Cycle complete. Sleeping for 30 seconds...
2025-06-11 08:55:44 - MT5_EA - INFO - -------------------- New Trading Cycle --------------------
2025-06-11 08:55:44 - MT5_EA - INFO - --- Processing symbol: EURUSD ---
2025-06-11 08:55:44 - MT5_EA - INFO - Strategy Signal for EURUSD: HOLD
2025-06-11 08:55:44 - MT5_EA - INFO - --- Processing symbol: GBPUSD ---
2025-06-11 08:55:44 - MT5_EA - INFO - Strategy Signal for GBPUSD: HOLD
2025-06-11 08:55:44 - MT5_EA - INFO - Cycle complete. Sleeping for 30 seconds...
2025-06-11 08:56:14 - MT5_EA - INFO - -------------------- New Trading Cycle --------------------
2025-06-11 08:56:14 - MT5_EA - INFO - --- Processing symbol: EURUSD ---
2025-06-11 08:56:14 - MT5_EA - INFO - Strategy Signal for EURUSD: HOLD
2025-06-11 08:56:14 - MT5_EA - INFO - --- Processing symbol: GBPUSD ---
2025-06-11 08:56:14 - MT5_EA - INFO - Strategy Signal for GBPUSD: HOLD
2025-06-11 08:56:14 - MT5_EA - INFO - Cycle complete. Sleeping for 30 seconds...
2025-06-11 08:56:44 - MT5_EA - INFO - -------------------- New Trading Cycle --------------------
2025-06-11 08:56:44 - MT5_EA - INFO - --- Processing symbol: EURUSD ---
2025-06-11 08:56:44 - MT5_EA - INFO - Strategy Signal for EURUSD: HOLD
2025-06-11 08:56:44 - MT5_EA - INFO - --- Processing symbol: GBPUSD ---
2025-06-11 08:56:44 - MT5_EA - INFO - Strategy Signal for GBPUSD: HOLD
2025-06-11 08:56:44 - MT5_EA - INFO - Cycle complete. Sleeping for 30 seconds...
2025-06-11 08:57:14 - MT5_EA - INFO - -------------------- New Trading Cycle --------------------
2025-06-11 08:57:14 - MT5_EA - INFO - --- Processing symbol: EURUSD ---
2025-06-11 08:57:14 - MT5_EA - INFO - Strategy Signal for EURUSD: HOLD
2025-06-11 08:57:14 - MT5_EA - INFO - --- Processing symbol: GBPUSD ---
2025-06-11 08:57:14 - MT5_EA - INFO - Strategy Signal for GBPUSD: HOLD
2025-06-11 08:57:14 - MT5_EA - INFO - Cycle complete. Sleeping for 30 seconds...
2025-06-11 08:57:44 - MT5_EA - INFO - -------------------- New Trading Cycle --------------------
2025-06-11 08:57:44 - MT5_EA - INFO - --- Processing symbol: EURUSD ---
2025-06-11 08:57:44 - MT5_EA - INFO - Strategy Signal for EURUSD: HOLD
2025-06-11 08:57:44 - MT5_EA - INFO - --- Processing symbol: GBPUSD ---
2025-06-11 08:57:44 - MT5_EA - INFO - Strategy Signal for GBPUSD: HOLD
2025-06-11 08:57:44 - MT5_EA - INFO - Cycle complete. Sleeping for 30 seconds...
2025-06-11 08:58:14 - MT5_EA - INFO - -------------------- New Trading Cycle --------------------
2025-06-11 08:58:14 - MT5_EA - INFO - --- Processing symbol: EURUSD ---
2025-06-11 08:58:14 - MT5_EA - INFO - Strategy Signal for EURUSD: HOLD
2025-06-11 08:58:14 - MT5_EA - INFO - --- Processing symbol: GBPUSD ---
2025-06-11 08:58:14 - MT5_EA - INFO - Strategy Signal for GBPUSD: HOLD
2025-06-11 08:58:14 - MT5_EA - INFO - Cycle complete. Sleeping for 30 seconds...
2025-06-11 08:58:44 - MT5_EA - INFO - -------------------- New Trading Cycle --------------------
2025-06-11 08:58:44 - MT5_EA - INFO - --- Processing symbol: EURUSD ---
2025-06-11 08:58:44 - MT5_EA - INFO - Strategy Signal for EURUSD: HOLD
2025-06-11 08:58:44 - MT5_EA - INFO - --- Processing symbol: GBPUSD ---
2025-06-11 08:58:44 - MT5_EA - INFO - Strategy Signal for GBPUSD: HOLD
2025-06-11 08:58:44 - MT5_EA - INFO - Cycle complete. Sleeping for 30 seconds...
2025-06-11 08:59:14 - MT5_EA - INFO - -------------------- New Trading Cycle --------------------
2025-06-11 08:59:14 - MT5_EA - INFO - --- Processing symbol: EURUSD ---
2025-06-11 08:59:14 - MT5_EA - INFO - Strategy Signal for EURUSD: HOLD
2025-06-11 08:59:14 - MT5_EA - INFO - --- Processing symbol: GBPUSD ---
2025-06-11 08:59:14 - MT5_EA - INFO - Strategy Signal for GBPUSD: HOLD
2025-06-11 08:59:14 - MT5_EA - INFO - Cycle complete. Sleeping for 30 seconds...
2025-06-11 08:59:44 - MT5_EA - INFO - -------------------- New Trading Cycle --------------------
2025-06-11 08:59:44 - MT5_EA - INFO - --- Processing symbol: EURUSD ---
2025-06-11 08:59:44 - MT5_EA - INFO - Strategy Signal for EURUSD: HOLD
2025-06-11 08:59:44 - MT5_EA - INFO - --- Processing symbol: GBPUSD ---
2025-06-11 08:59:44 - MT5_EA - INFO - Strategy Signal for GBPUSD: HOLD
2025-06-11 08:59:44 - MT5_EA - INFO - Cycle complete. Sleeping for 30 seconds...
2025-06-11 09:00:14 - MT5_EA - INFO - -------------------- New Trading Cycle --------------------
2025-06-11 09:00:14 - MT5_EA - INFO - --- Processing symbol: EURUSD ---
2025-06-11 09:00:14 - MT5_EA - INFO - Strategy Signal for EURUSD: HOLD
2025-06-11 09:00:14 - MT5_EA - INFO - --- Processing symbol: GBPUSD ---
2025-06-11 09:00:14 - MT5_EA - INFO - Strategy Signal for GBPUSD: HOLD
2025-06-11 09:00:14 - MT5_EA - INFO - Cycle complete. Sleeping for 30 seconds...
2025-06-11 09:00:44 - MT5_EA - INFO - -------------------- New Trading Cycle --------------------
2025-06-11 09:00:44 - MT5_EA - INFO - --- Processing symbol: EURUSD ---
2025-06-11 09:00:44 - MT5_EA - INFO - Strategy Signal for EURUSD: HOLD
2025-06-11 09:00:44 - MT5_EA - INFO - --- Processing symbol: GBPUSD ---
2025-06-11 09:00:44 - MT5_EA - INFO - Strategy Signal for GBPUSD: HOLD
2025-06-11 09:00:44 - MT5_EA - INFO - Cycle complete. Sleeping for 30 seconds...
2025-06-11 09:01:14 - MT5_EA - INFO - -------------------- New Trading Cycle --------------------
2025-06-11 09:01:14 - MT5_EA - INFO - --- Processing symbol: EURUSD ---
2025-06-11 09:01:14 - MT5_EA - INFO - Strategy Signal for EURUSD: HOLD
2025-06-11 09:01:14 - MT5_EA - INFO - --- Processing symbol: GBPUSD ---
2025-06-11 09:01:14 - MT5_EA - INFO - Strategy Signal for GBPUSD: HOLD
2025-06-11 09:01:14 - MT5_EA - INFO - Cycle complete. Sleeping for 30 seconds...
2025-06-11 09:01:44 - MT5_EA - INFO - -------------------- New Trading Cycle --------------------
2025-06-11 09:01:44 - MT5_EA - INFO - --- Processing symbol: EURUSD ---
2025-06-11 09:01:44 - MT5_EA - INFO - Strategy Signal for EURUSD: HOLD
2025-06-11 09:01:44 - MT5_EA - INFO - --- Processing symbol: GBPUSD ---
2025-06-11 09:01:44 - MT5_EA - INFO - Strategy Signal for GBPUSD: HOLD
2025-06-11 09:01:44 - MT5_EA - INFO - Cycle complete. Sleeping for 30 seconds...
2025-06-11 09:02:14 - MT5_EA - INFO - -------------------- New Trading Cycle --------------------
2025-06-11 09:02:14 - MT5_EA - INFO - --- Processing symbol: EURUSD ---
2025-06-11 09:02:14 - MT5_EA - INFO - Strategy Signal for EURUSD: HOLD
2025-06-11 09:02:14 - MT5_EA - INFO - --- Processing symbol: GBPUSD ---
2025-06-11 09:02:14 - MT5_EA - INFO - Strategy Signal for GBPUSD: HOLD
2025-06-11 09:02:14 - MT5_EA - INFO - Cycle complete. Sleeping for 30 seconds...
2025-06-11 09:02:44 - MT5_EA - INFO - -------------------- New Trading Cycle --------------------
2025-06-11 09:02:44 - MT5_EA - INFO - --- Processing symbol: EURUSD ---
2025-06-11 09:02:44 - MT5_EA - INFO - Strategy Signal for EURUSD: HOLD
2025-06-11 09:02:44 - MT5_EA - INFO - --- Processing symbol: GBPUSD ---
2025-06-11 09:02:44 - MT5_EA - INFO - Strategy Signal for GBPUSD: HOLD
2025-06-11 09:02:44 - MT5_EA - INFO - Cycle complete. Sleeping for 30 seconds...
2025-06-11 09:03:14 - MT5_EA - INFO - -------------------- New Trading Cycle --------------------
2025-06-11 09:03:14 - MT5_EA - INFO - --- Processing symbol: EURUSD ---
2025-06-11 09:03:14 - MT5_EA - INFO - Strategy Signal for EURUSD: HOLD
2025-06-11 09:03:14 - MT5_EA - INFO - --- Processing symbol: GBPUSD ---
2025-06-11 09:03:14 - MT5_EA - INFO - Strategy Signal for GBPUSD: HOLD
2025-06-11 09:03:14 - MT5_EA - INFO - Cycle complete. Sleeping for 30 seconds...
2025-06-11 09:03:44 - MT5_EA - INFO - -------------------- New Trading Cycle --------------------
2025-06-11 09:03:44 - MT5_EA - INFO - --- Processing symbol: EURUSD ---
2025-06-11 09:03:44 - MT5_EA - INFO - Strategy Signal for EURUSD: HOLD
2025-06-11 09:03:44 - MT5_EA - INFO - --- Processing symbol: GBPUSD ---
2025-06-11 09:03:44 - MT5_EA - INFO - Strategy Signal for GBPUSD: HOLD
2025-06-11 09:03:44 - MT5_EA - INFO - Cycle complete. Sleeping for 30 seconds...
2025-06-11 09:04:14 - MT5_EA - INFO - -------------------- New Trading Cycle --------------------
2025-06-11 09:04:14 - MT5_EA - INFO - --- Processing symbol: EURUSD ---
2025-06-11 09:04:14 - MT5_EA - INFO - Strategy Signal for EURUSD: HOLD
2025-06-11 09:04:14 - MT5_EA - INFO - --- Processing symbol: GBPUSD ---
2025-06-11 09:04:14 - MT5_EA - INFO - Strategy Signal for GBPUSD: HOLD
2025-06-11 09:04:14 - MT5_EA - INFO - Cycle complete. Sleeping for 30 seconds...
2025-06-11 09:04:44 - MT5_EA - INFO - -------------------- New Trading Cycle --------------------
2025-06-11 09:04:44 - MT5_EA - INFO - --- Processing symbol: EURUSD ---
2025-06-11 09:04:44 - MT5_EA - INFO - Strategy Signal for EURUSD: HOLD
2025-06-11 09:04:44 - MT5_EA - INFO - --- Processing symbol: GBPUSD ---
2025-06-11 09:04:44 - MT5_EA - INFO - Strategy Signal for GBPUSD: HOLD
2025-06-11 09:04:44 - MT5_EA - INFO - Cycle complete. Sleeping for 30 seconds...
2025-06-11 09:05:14 - MT5_EA - INFO - -------------------- New Trading Cycle --------------------
2025-06-11 09:05:14 - MT5_EA - INFO - --- Processing symbol: EURUSD ---
2025-06-11 09:05:14 - MT5_EA - INFO - Strategy Signal for EURUSD: HOLD
2025-06-11 09:05:14 - MT5_EA - INFO - --- Processing symbol: GBPUSD ---
2025-06-11 09:05:14 - MT5_EA - INFO - Strategy Signal for GBPUSD: HOLD
2025-06-11 09:05:14 - MT5_EA - INFO - Cycle complete. Sleeping for 30 seconds...
2025-06-11 09:05:44 - MT5_EA - INFO - -------------------- New Trading Cycle --------------------
2025-06-11 09:05:44 - MT5_EA - INFO - --- Processing symbol: EURUSD ---
2025-06-11 09:05:44 - MT5_EA - INFO - Strategy Signal for EURUSD: HOLD
2025-06-11 09:05:44 - MT5_EA - INFO - --- Processing symbol: GBPUSD ---
2025-06-11 09:05:44 - MT5_EA - INFO - Strategy Signal for GBPUSD: HOLD
2025-06-11 09:05:44 - MT5_EA - INFO - Cycle complete. Sleeping for 30 seconds...
2025-06-11 09:06:14 - MT5_EA - INFO - -------------------- New Trading Cycle --------------------
2025-06-11 09:06:14 - MT5_EA - INFO - --- Processing symbol: EURUSD ---
2025-06-11 09:06:14 - MT5_EA - INFO - Strategy Signal for EURUSD: HOLD
2025-06-11 09:06:14 - MT5_EA - INFO - --- Processing symbol: GBPUSD ---
2025-06-11 09:06:14 - MT5_EA - INFO - Strategy Signal for GBPUSD: HOLD
2025-06-11 09:06:14 - MT5_EA - INFO - Cycle complete. Sleeping for 30 seconds...
2025-06-11 09:06:44 - MT5_EA - INFO - -------------------- New Trading Cycle --------------------
2025-06-11 09:06:44 - MT5_EA - INFO - --- Processing symbol: EURUSD ---
2025-06-11 09:06:44 - MT5_EA - INFO - Strategy Signal for EURUSD: HOLD
2025-06-11 09:06:44 - MT5_EA - INFO - --- Processing symbol: GBPUSD ---
2025-06-11 09:06:44 - MT5_EA - INFO - Strategy Signal for GBPUSD: HOLD
2025-06-11 09:06:44 - MT5_EA - INFO - Cycle complete. Sleeping for 30 seconds...
2025-06-11 09:07:14 - MT5_EA - INFO - -------------------- New Trading Cycle --------------------
2025-06-11 09:07:14 - MT5_EA - INFO - --- Processing symbol: EURUSD ---
2025-06-11 09:07:14 - MT5_EA - INFO - Strategy Signal for EURUSD: HOLD
2025-06-11 09:07:14 - MT5_EA - INFO - --- Processing symbol: GBPUSD ---
2025-06-11 09:07:14 - MT5_EA - INFO - Strategy Signal for GBPUSD: HOLD
2025-06-11 09:07:14 - MT5_EA - INFO - Cycle complete. Sleeping for 30 seconds...
2025-06-11 09:07:44 - MT5_EA - INFO - -------------------- New Trading Cycle --------------------
2025-06-11 09:07:44 - MT5_EA - INFO - --- Processing symbol: EURUSD ---
2025-06-11 09:07:44 - MT5_EA - INFO - Strategy Signal for EURUSD: HOLD
2025-06-11 09:07:44 - MT5_EA - INFO - --- Processing symbol: GBPUSD ---
2025-06-11 09:07:44 - MT5_EA - INFO - Strategy Signal for GBPUSD: HOLD
2025-06-11 09:07:44 - MT5_EA - INFO - Cycle complete. Sleeping for 30 seconds...
2025-06-11 09:08:14 - MT5_EA - INFO - -------------------- New Trading Cycle --------------------
2025-06-11 09:08:14 - MT5_EA - INFO - --- Processing symbol: EURUSD ---
2025-06-11 09:08:14 - MT5_EA - INFO - Strategy Signal for EURUSD: HOLD
2025-06-11 09:08:14 - MT5_EA - INFO - --- Processing symbol: GBPUSD ---
2025-06-11 09:08:14 - MT5_EA - INFO - Strategy Signal for GBPUSD: HOLD
2025-06-11 09:08:14 - MT5_EA - INFO - Cycle complete. Sleeping for 30 seconds...
2025-06-11 09:08:44 - MT5_EA - INFO - -------------------- New Trading Cycle --------------------
2025-06-11 09:08:44 - MT5_EA - INFO - --- Processing symbol: EURUSD ---
2025-06-11 09:08:44 - MT5_EA - INFO - Strategy Signal for EURUSD: HOLD
2025-06-11 09:08:44 - MT5_EA - INFO - --- Processing symbol: GBPUSD ---
2025-06-11 09:08:44 - MT5_EA - INFO - Strategy Signal for GBPUSD: HOLD
2025-06-11 09:08:44 - MT5_EA - INFO - Cycle complete. Sleeping for 30 seconds...
2025-06-11 09:09:14 - MT5_EA - INFO - -------------------- New Trading Cycle --------------------
2025-06-11 09:09:14 - MT5_EA - INFO - --- Processing symbol: EURUSD ---
2025-06-11 09:09:14 - MT5_EA - INFO - Strategy Signal for EURUSD: HOLD
2025-06-11 09:09:14 - MT5_EA - INFO - --- Processing symbol: GBPUSD ---
2025-06-11 09:09:14 - MT5_EA - INFO - Strategy Signal for GBPUSD: HOLD
2025-06-11 09:09:14 - MT5_EA - INFO - Cycle complete. Sleeping for 30 seconds...
2025-06-11 09:09:44 - MT5_EA - INFO - -------------------- New Trading Cycle --------------------
2025-06-11 09:09:44 - MT5_EA - INFO - --- Processing symbol: EURUSD ---
2025-06-11 09:09:44 - MT5_EA - INFO - Strategy Signal for EURUSD: HOLD
2025-06-11 09:09:44 - MT5_EA - INFO - --- Processing symbol: GBPUSD ---
2025-06-11 09:09:44 - MT5_EA - INFO - Strategy Signal for GBPUSD: HOLD
2025-06-11 09:09:44 - MT5_EA - INFO - Cycle complete. Sleeping for 30 seconds...
2025-06-11 09:10:14 - MT5_EA - INFO - -------------------- New Trading Cycle --------------------
2025-06-11 09:10:14 - MT5_EA - INFO - --- Processing symbol: EURUSD ---
2025-06-11 09:10:14 - MT5_EA - INFO - Strategy Signal for EURUSD: HOLD
2025-06-11 09:10:14 - MT5_EA - INFO - --- Processing symbol: GBPUSD ---
2025-06-11 09:10:14 - MT5_EA - INFO - Strategy Signal for GBPUSD: HOLD
2025-06-11 09:10:14 - MT5_EA - INFO - Cycle complete. Sleeping for 30 seconds...
2025-06-11 09:10:44 - MT5_EA - INFO - -------------------- New Trading Cycle --------------------
2025-06-11 09:10:44 - MT5_EA - INFO - --- Processing symbol: EURUSD ---
2025-06-11 09:10:44 - MT5_EA - INFO - Strategy Signal for EURUSD: HOLD
2025-06-11 09:10:44 - MT5_EA - INFO - --- Processing symbol: GBPUSD ---
2025-06-11 09:10:44 - MT5_EA - INFO - Strategy Signal for GBPUSD: HOLD
2025-06-11 09:10:44 - MT5_EA - INFO - Cycle complete. Sleeping for 30 seconds...
2025-06-11 09:11:14 - MT5_EA - INFO - -------------------- New Trading Cycle --------------------
2025-06-11 09:11:14 - MT5_EA - INFO - --- Processing symbol: EURUSD ---
2025-06-11 09:11:14 - MT5_EA - INFO - Strategy Signal for EURUSD: HOLD
2025-06-11 09:11:14 - MT5_EA - INFO - --- Processing symbol: GBPUSD ---
2025-06-11 09:11:14 - MT5_EA - INFO - Strategy Signal for GBPUSD: HOLD
2025-06-11 09:11:14 - MT5_EA - INFO - Cycle complete. Sleeping for 30 seconds...
2025-06-11 09:11:44 - MT5_EA - INFO - -------------------- New Trading Cycle --------------------
2025-06-11 09:11:44 - MT5_EA - INFO - --- Processing symbol: EURUSD ---
2025-06-11 09:11:44 - MT5_EA - INFO - Strategy Signal for EURUSD: HOLD
2025-06-11 09:11:44 - MT5_EA - INFO - --- Processing symbol: GBPUSD ---
2025-06-11 09:11:44 - MT5_EA - INFO - Strategy Signal for GBPUSD: HOLD
2025-06-11 09:11:44 - MT5_EA - INFO - Cycle complete. Sleeping for 30 seconds...
2025-06-11 09:12:14 - MT5_EA - INFO - -------------------- New Trading Cycle --------------------
2025-06-11 09:12:14 - MT5_EA - INFO - --- Processing symbol: EURUSD ---
2025-06-11 09:12:14 - MT5_EA - INFO - Strategy Signal for EURUSD: HOLD
2025-06-11 09:12:14 - MT5_EA - INFO - --- Processing symbol: GBPUSD ---
2025-06-11 09:12:14 - MT5_EA - INFO - Strategy Signal for GBPUSD: HOLD
2025-06-11 09:12:14 - MT5_EA - INFO - Cycle complete. Sleeping for 30 seconds...
2025-06-11 09:12:44 - MT5_EA - INFO - -------------------- New Trading Cycle --------------------
2025-06-11 09:12:44 - MT5_EA - INFO - --- Processing symbol: EURUSD ---
2025-06-11 09:12:44 - MT5_EA - INFO - Strategy Signal for EURUSD: HOLD
2025-06-11 09:12:44 - MT5_EA - INFO - --- Processing symbol: GBPUSD ---
2025-06-11 09:12:44 - MT5_EA - INFO - Strategy Signal for GBPUSD: HOLD
2025-06-11 09:12:44 - MT5_EA - INFO - Cycle complete. Sleeping for 30 seconds...
2025-06-11 09:12:54 - MT5_EA - INFO - EA stopped by user (KeyboardInterrupt).
2025-06-11 09:12:54 - MT5_EA - INFO - Shutting down MT5 connection.
2025-06-11 09:12:54 - MT5_EA - INFO - Python Expert Advisor has been shut down.
2025-06-11 09:13:14 - MT5_EA - INFO - Starting Python Multi-Symbol Expert Advisor
2025-06-11 09:13:14 - MT5_EA - INFO - Initializing MT5 connection...
2025-06-11 09:13:15 - MT5_EA - INFO - MT5 connection successful to account 93083332.
2025-06-11 09:13:15 - MT5_EA - INFO - EA configured to trade symbols: ['EURUSD', 'GBPUSD', 'USDJPY']
2025-06-11 09:13:15 - MT5_EA - INFO - -------------------- New Trading Cycle --------------------
2025-06-11 09:13:15 - MT5_EA - INFO - --- Processing symbol: EURUSD ---
2025-06-11 09:13:15 - MT5_EA - INFO - Strategy Signal for EURUSD: HOLD
2025-06-11 09:13:15 - MT5_EA - INFO - --- Processing symbol: GBPUSD ---
2025-06-11 09:13:15 - MT5_EA - INFO - Strategy Signal for GBPUSD: HOLD
2025-06-11 09:13:15 - MT5_EA - INFO - --- Processing symbol: USDJPY ---
2025-06-11 09:13:15 - MT5_EA - INFO - Strategy Signal for USDJPY: HOLD
2025-06-11 09:13:15 - MT5_EA - INFO - Cycle complete. Sleeping for 30 seconds...
2025-06-11 09:13:45 - MT5_EA - INFO - -------------------- New Trading Cycle --------------------
2025-06-11 09:13:45 - MT5_EA - INFO - --- Processing symbol: EURUSD ---
2025-06-11 09:13:45 - MT5_EA - INFO - Strategy Signal for EURUSD: HOLD
2025-06-11 09:13:45 - MT5_EA - INFO - --- Processing symbol: GBPUSD ---
2025-06-11 09:13:45 - MT5_EA - INFO - Strategy Signal for GBPUSD: HOLD
2025-06-11 09:13:45 - MT5_EA - INFO - --- Processing symbol: USDJPY ---
2025-06-11 09:13:45 - MT5_EA - INFO - Strategy Signal for USDJPY: HOLD
2025-06-11 09:13:45 - MT5_EA - INFO - Cycle complete. Sleeping for 30 seconds...
2025-06-11 09:14:15 - MT5_EA - INFO - -------------------- New Trading Cycle --------------------
2025-06-11 09:14:15 - MT5_EA - INFO - --- Processing symbol: EURUSD ---
2025-06-11 09:14:15 - MT5_EA - INFO - Strategy Signal for EURUSD: HOLD
2025-06-11 09:14:15 - MT5_EA - INFO - --- Processing symbol: GBPUSD ---
2025-06-11 09:14:15 - MT5_EA - INFO - Strategy Signal for GBPUSD: HOLD
2025-06-11 09:14:15 - MT5_EA - INFO - --- Processing symbol: USDJPY ---
2025-06-11 09:14:15 - MT5_EA - INFO - Strategy Signal for USDJPY: HOLD
2025-06-11 09:14:15 - MT5_EA - INFO - Cycle complete. Sleeping for 30 seconds...
2025-06-11 09:14:45 - MT5_EA - INFO - -------------------- New Trading Cycle --------------------
2025-06-11 09:14:45 - MT5_EA - INFO - --- Processing symbol: EURUSD ---
2025-06-11 09:14:45 - MT5_EA - INFO - Strategy Signal for EURUSD: HOLD
2025-06-11 09:14:45 - MT5_EA - INFO - --- Processing symbol: GBPUSD ---
2025-06-11 09:14:45 - MT5_EA - INFO - Strategy Signal for GBPUSD: HOLD
2025-06-11 09:14:45 - MT5_EA - INFO - --- Processing symbol: USDJPY ---
2025-06-11 09:14:45 - MT5_EA - INFO - Strategy Signal for USDJPY: HOLD
2025-06-11 09:14:45 - MT5_EA - INFO - Cycle complete. Sleeping for 30 seconds...
2025-06-11 09:15:15 - MT5_EA - INFO - -------------------- New Trading Cycle --------------------
2025-06-11 09:15:15 - MT5_EA - INFO - --- Processing symbol: EURUSD ---
2025-06-11 09:15:15 - MT5_EA - INFO - Strategy Signal for EURUSD: HOLD
2025-06-11 09:15:15 - MT5_EA - INFO - --- Processing symbol: GBPUSD ---
2025-06-11 09:15:15 - MT5_EA - INFO - Strategy Signal for GBPUSD: HOLD
2025-06-11 09:15:15 - MT5_EA - INFO - --- Processing symbol: USDJPY ---
2025-06-11 09:15:15 - MT5_EA - INFO - Strategy Signal for USDJPY: HOLD
2025-06-11 09:15:15 - MT5_EA - INFO - Cycle complete. Sleeping for 30 seconds...
2025-06-11 09:15:45 - MT5_EA - INFO - -------------------- New Trading Cycle --------------------
2025-06-11 09:15:45 - MT5_EA - INFO - --- Processing symbol: EURUSD ---
2025-06-11 09:15:45 - MT5_EA - INFO - Strategy Signal for EURUSD: HOLD
2025-06-11 09:15:45 - MT5_EA - INFO - --- Processing symbol: GBPUSD ---
2025-06-11 09:15:45 - MT5_EA - INFO - Strategy Signal for GBPUSD: HOLD
2025-06-11 09:15:45 - MT5_EA - INFO - --- Processing symbol: USDJPY ---
2025-06-11 09:15:45 - MT5_EA - INFO - Strategy Signal for USDJPY: HOLD
2025-06-11 09:15:45 - MT5_EA - INFO - Cycle complete. Sleeping for 30 seconds...
2025-06-11 09:16:15 - MT5_EA - INFO - -------------------- New Trading Cycle --------------------
2025-06-11 09:16:15 - MT5_EA - INFO - --- Processing symbol: EURUSD ---
2025-06-11 09:16:15 - MT5_EA - INFO - Strategy Signal for EURUSD: HOLD
2025-06-11 09:16:15 - MT5_EA - INFO - --- Processing symbol: GBPUSD ---
2025-06-11 09:16:15 - MT5_EA - INFO - Strategy Signal for GBPUSD: HOLD
2025-06-11 09:16:15 - MT5_EA - INFO - --- Processing symbol: USDJPY ---
2025-06-11 09:16:15 - MT5_EA - INFO - Strategy Signal for USDJPY: HOLD
2025-06-11 09:16:15 - MT5_EA - INFO - Cycle complete. Sleeping for 30 seconds...
2025-06-11 09:16:45 - MT5_EA - INFO - -------------------- New Trading Cycle --------------------
2025-06-11 09:16:45 - MT5_EA - INFO - --- Processing symbol: EURUSD ---
2025-06-11 09:16:45 - MT5_EA - INFO - Strategy Signal for EURUSD: HOLD
2025-06-11 09:16:45 - MT5_EA - INFO - --- Processing symbol: GBPUSD ---
2025-06-11 09:16:45 - MT5_EA - INFO - Strategy Signal for GBPUSD: HOLD
2025-06-11 09:16:45 - MT5_EA - INFO - --- Processing symbol: USDJPY ---
2025-06-11 09:16:45 - MT5_EA - INFO - Strategy Signal for USDJPY: HOLD
2025-06-11 09:16:45 - MT5_EA - INFO - Cycle complete. Sleeping for 30 seconds...
2025-06-11 09:17:15 - MT5_EA - INFO - -------------------- New Trading Cycle --------------------
2025-06-11 09:17:15 - MT5_EA - INFO - --- Processing symbol: EURUSD ---
2025-06-11 09:17:15 - MT5_EA - INFO - Strategy Signal for EURUSD: HOLD
2025-06-11 09:17:15 - MT5_EA - INFO - --- Processing symbol: GBPUSD ---
2025-06-11 09:17:15 - MT5_EA - INFO - Strategy Signal for GBPUSD: HOLD
2025-06-11 09:17:15 - MT5_EA - INFO - --- Processing symbol: USDJPY ---
2025-06-11 09:17:15 - MT5_EA - INFO - Strategy Signal for USDJPY: HOLD
2025-06-11 09:17:15 - MT5_EA - INFO - Cycle complete. Sleeping for 30 seconds...
2025-06-11 09:17:45 - MT5_EA - INFO - -------------------- New Trading Cycle --------------------
2025-06-11 09:17:45 - MT5_EA - INFO - --- Processing symbol: EURUSD ---
2025-06-11 09:17:45 - MT5_EA - INFO - Strategy Signal for EURUSD: HOLD
2025-06-11 09:17:45 - MT5_EA - INFO - --- Processing symbol: GBPUSD ---
2025-06-11 09:17:45 - MT5_EA - INFO - Strategy Signal for GBPUSD: HOLD
2025-06-11 09:17:45 - MT5_EA - INFO - --- Processing symbol: USDJPY ---
2025-06-11 09:17:45 - MT5_EA - INFO - Strategy Signal for USDJPY: HOLD
2025-06-11 09:17:45 - MT5_EA - INFO - Cycle complete. Sleeping for 30 seconds...
2025-06-11 09:18:15 - MT5_EA - INFO - -------------------- New Trading Cycle --------------------
2025-06-11 09:18:15 - MT5_EA - INFO - --- Processing symbol: EURUSD ---
2025-06-11 09:18:15 - MT5_EA - INFO - Strategy Signal for EURUSD: HOLD
2025-06-11 09:18:15 - MT5_EA - INFO - --- Processing symbol: GBPUSD ---
2025-06-11 09:18:15 - MT5_EA - INFO - Strategy Signal for GBPUSD: HOLD
2025-06-11 09:18:15 - MT5_EA - INFO - --- Processing symbol: USDJPY ---
2025-06-11 09:18:15 - MT5_EA - INFO - Strategy Signal for USDJPY: HOLD
2025-06-11 09:18:15 - MT5_EA - INFO - Cycle complete. Sleeping for 30 seconds...
2025-06-11 09:18:45 - MT5_EA - INFO - -------------------- New Trading Cycle --------------------
2025-06-11 09:18:45 - MT5_EA - INFO - --- Processing symbol: EURUSD ---
2025-06-11 09:18:45 - MT5_EA - INFO - Strategy Signal for EURUSD: HOLD
2025-06-11 09:18:45 - MT5_EA - INFO - --- Processing symbol: GBPUSD ---
2025-06-11 09:18:45 - MT5_EA - INFO - Strategy Signal for GBPUSD: HOLD
2025-06-11 09:18:45 - MT5_EA - INFO - --- Processing symbol: USDJPY ---
2025-06-11 09:18:45 - MT5_EA - INFO - Strategy Signal for USDJPY: HOLD
2025-06-11 09:18:45 - MT5_EA - INFO - Cycle complete. Sleeping for 30 seconds...
2025-06-11 09:19:15 - MT5_EA - INFO - -------------------- New Trading Cycle --------------------
2025-06-11 09:19:15 - MT5_EA - INFO - --- Processing symbol: EURUSD ---
2025-06-11 09:19:15 - MT5_EA - INFO - Strategy Signal for EURUSD: HOLD
2025-06-11 09:19:15 - MT5_EA - INFO - --- Processing symbol: GBPUSD ---
2025-06-11 09:19:15 - MT5_EA - INFO - Strategy Signal for GBPUSD: HOLD
2025-06-11 09:19:15 - MT5_EA - INFO - --- Processing symbol: USDJPY ---
2025-06-11 09:19:15 - MT5_EA - INFO - Strategy Signal for USDJPY: HOLD
2025-06-11 09:19:15 - MT5_EA - INFO - Cycle complete. Sleeping for 30 seconds...
2025-06-11 09:19:45 - MT5_EA - INFO - -------------------- New Trading Cycle --------------------
2025-06-11 09:19:45 - MT5_EA - INFO - --- Processing symbol: EURUSD ---
2025-06-11 09:19:45 - MT5_EA - INFO - Strategy Signal for EURUSD: HOLD
2025-06-11 09:19:45 - MT5_EA - INFO - --- Processing symbol: GBPUSD ---
2025-06-11 09:19:45 - MT5_EA - INFO - Strategy Signal for GBPUSD: HOLD
2025-06-11 09:19:45 - MT5_EA - INFO - --- Processing symbol: USDJPY ---
2025-06-11 09:19:45 - MT5_EA - INFO - Strategy Signal for USDJPY: HOLD
2025-06-11 09:19:45 - MT5_EA - INFO - Cycle complete. Sleeping for 30 seconds...
2025-06-11 09:20:15 - MT5_EA - INFO - -------------------- New Trading Cycle --------------------
2025-06-11 09:20:15 - MT5_EA - INFO - --- Processing symbol: EURUSD ---
2025-06-11 09:20:15 - MT5_EA - INFO - Strategy Signal for EURUSD: HOLD
2025-06-11 09:20:15 - MT5_EA - INFO - --- Processing symbol: GBPUSD ---
2025-06-11 09:20:15 - MT5_EA - INFO - Strategy Signal for GBPUSD: HOLD
2025-06-11 09:20:15 - MT5_EA - INFO - --- Processing symbol: USDJPY ---
2025-06-11 09:20:15 - MT5_EA - INFO - Strategy Signal for USDJPY: HOLD
2025-06-11 09:20:15 - MT5_EA - INFO - Cycle complete. Sleeping for 30 seconds...
2025-06-11 09:20:45 - MT5_EA - INFO - -------------------- New Trading Cycle --------------------
2025-06-11 09:20:45 - MT5_EA - INFO - --- Processing symbol: EURUSD ---
2025-06-11 09:20:45 - MT5_EA - INFO - Strategy Signal for EURUSD: HOLD
2025-06-11 09:20:45 - MT5_EA - INFO - --- Processing symbol: GBPUSD ---
2025-06-11 09:20:45 - MT5_EA - INFO - Strategy Signal for GBPUSD: HOLD
2025-06-11 09:20:45 - MT5_EA - INFO - --- Processing symbol: USDJPY ---
2025-06-11 09:20:45 - MT5_EA - INFO - Strategy Signal for USDJPY: HOLD
2025-06-11 09:20:45 - MT5_EA - INFO - Cycle complete. Sleeping for 30 seconds...
2025-06-11 09:21:15 - MT5_EA - INFO - -------------------- New Trading Cycle --------------------
2025-06-11 09:21:15 - MT5_EA - INFO - --- Processing symbol: EURUSD ---
2025-06-11 09:21:15 - MT5_EA - INFO - Strategy Signal for EURUSD: HOLD
2025-06-11 09:21:15 - MT5_EA - INFO - --- Processing symbol: GBPUSD ---
2025-06-11 09:21:15 - MT5_EA - INFO - Strategy Signal for GBPUSD: HOLD
2025-06-11 09:21:15 - MT5_EA - INFO - --- Processing symbol: USDJPY ---
2025-06-11 09:21:15 - MT5_EA - INFO - Strategy Signal for USDJPY: HOLD
2025-06-11 09:21:15 - MT5_EA - INFO - Cycle complete. Sleeping for 30 seconds...
2025-06-11 09:21:45 - MT5_EA - INFO - -------------------- New Trading Cycle --------------------
2025-06-11 09:21:45 - MT5_EA - INFO - --- Processing symbol: EURUSD ---
2025-06-11 09:21:45 - MT5_EA - INFO - Strategy Signal for EURUSD: HOLD
2025-06-11 09:21:45 - MT5_EA - INFO - --- Processing symbol: GBPUSD ---
2025-06-11 09:21:45 - MT5_EA - INFO - Strategy Signal for GBPUSD: HOLD
2025-06-11 09:21:45 - MT5_EA - INFO - --- Processing symbol: USDJPY ---
2025-06-11 09:21:45 - MT5_EA - INFO - Strategy Signal for USDJPY: HOLD
2025-06-11 09:21:45 - MT5_EA - INFO - Cycle complete. Sleeping for 30 seconds...
2025-06-11 09:22:15 - MT5_EA - INFO - -------------------- New Trading Cycle --------------------
2025-06-11 09:22:15 - MT5_EA - INFO - --- Processing symbol: EURUSD ---
2025-06-11 09:22:15 - MT5_EA - INFO - Strategy Signal for EURUSD: HOLD
2025-06-11 09:22:15 - MT5_EA - INFO - --- Processing symbol: GBPUSD ---
2025-06-11 09:22:15 - MT5_EA - INFO - Strategy Signal for GBPUSD: HOLD
2025-06-11 09:22:15 - MT5_EA - INFO - --- Processing symbol: USDJPY ---
2025-06-11 09:22:15 - MT5_EA - INFO - Strategy Signal for USDJPY: HOLD
2025-06-11 09:22:15 - MT5_EA - INFO - Cycle complete. Sleeping for 30 seconds...
2025-06-11 09:22:45 - MT5_EA - INFO - -------------------- New Trading Cycle --------------------
2025-06-11 09:22:45 - MT5_EA - INFO - --- Processing symbol: EURUSD ---
2025-06-11 09:22:45 - MT5_EA - INFO - Strategy Signal for EURUSD: HOLD
2025-06-11 09:22:45 - MT5_EA - INFO - --- Processing symbol: GBPUSD ---
2025-06-11 09:22:45 - MT5_EA - INFO - Strategy Signal for GBPUSD: HOLD
2025-06-11 09:22:45 - MT5_EA - INFO - --- Processing symbol: USDJPY ---
2025-06-11 09:22:45 - MT5_EA - INFO - Strategy Signal for USDJPY: HOLD
2025-06-11 09:22:45 - MT5_EA - INFO - Cycle complete. Sleeping for 30 seconds...
2025-06-11 09:23:15 - MT5_EA - INFO - -------------------- New Trading Cycle --------------------
2025-06-11 09:23:15 - MT5_EA - INFO - --- Processing symbol: EURUSD ---
2025-06-11 09:23:15 - MT5_EA - INFO - Strategy Signal for EURUSD: HOLD
2025-06-11 09:23:15 - MT5_EA - INFO - --- Processing symbol: GBPUSD ---
2025-06-11 09:23:15 - MT5_EA - INFO - Strategy Signal for GBPUSD: HOLD
2025-06-11 09:23:15 - MT5_EA - INFO - --- Processing symbol: USDJPY ---
2025-06-11 09:23:15 - MT5_EA - INFO - Strategy Signal for USDJPY: HOLD
2025-06-11 09:23:15 - MT5_EA - INFO - Cycle complete. Sleeping for 30 seconds...
2025-06-11 09:23:45 - MT5_EA - INFO - -------------------- New Trading Cycle --------------------
2025-06-11 09:23:45 - MT5_EA - INFO - --- Processing symbol: EURUSD ---
2025-06-11 09:23:45 - MT5_EA - INFO - Strategy Signal for EURUSD: HOLD
2025-06-11 09:23:45 - MT5_EA - INFO - --- Processing symbol: GBPUSD ---
2025-06-11 09:23:45 - MT5_EA - INFO - Strategy Signal for GBPUSD: HOLD
2025-06-11 09:23:45 - MT5_EA - INFO - --- Processing symbol: USDJPY ---
2025-06-11 09:23:45 - MT5_EA - INFO - Strategy Signal for USDJPY: HOLD
2025-06-11 09:23:45 - MT5_EA - INFO - Cycle complete. Sleeping for 30 seconds...
2025-06-11 09:24:15 - MT5_EA - INFO - -------------------- New Trading Cycle --------------------
2025-06-11 09:24:15 - MT5_EA - INFO - --- Processing symbol: EURUSD ---
2025-06-11 09:24:15 - MT5_EA - INFO - Strategy Signal for EURUSD: HOLD
2025-06-11 09:24:15 - MT5_EA - INFO - --- Processing symbol: GBPUSD ---
2025-06-11 09:24:15 - MT5_EA - INFO - Strategy Signal for GBPUSD: HOLD
2025-06-11 09:24:15 - MT5_EA - INFO - --- Processing symbol: USDJPY ---
2025-06-11 09:24:15 - MT5_EA - INFO - Strategy Signal for USDJPY: HOLD
2025-06-11 09:24:15 - MT5_EA - INFO - Cycle complete. Sleeping for 30 seconds...
2025-06-11 09:24:45 - MT5_EA - INFO - -------------------- New Trading Cycle --------------------
2025-06-11 09:24:45 - MT5_EA - INFO - --- Processing symbol: EURUSD ---
2025-06-11 09:24:45 - MT5_EA - INFO - Strategy Signal for EURUSD: HOLD
2025-06-11 09:24:45 - MT5_EA - INFO - --- Processing symbol: GBPUSD ---
2025-06-11 09:24:45 - MT5_EA - INFO - Strategy Signal for GBPUSD: HOLD
2025-06-11 09:24:45 - MT5_EA - INFO - --- Processing symbol: USDJPY ---
2025-06-11 09:24:45 - MT5_EA - INFO - Strategy Signal for USDJPY: HOLD
2025-06-11 09:24:45 - MT5_EA - INFO - Cycle complete. Sleeping for 30 seconds...
2025-06-11 09:25:15 - MT5_EA - INFO - -------------------- New Trading Cycle --------------------
2025-06-11 09:25:15 - MT5_EA - INFO - --- Processing symbol: EURUSD ---
2025-06-11 09:25:15 - MT5_EA - INFO - Strategy Signal for EURUSD: HOLD
2025-06-11 09:25:15 - MT5_EA - INFO - --- Processing symbol: GBPUSD ---
2025-06-11 09:25:15 - MT5_EA - INFO - Strategy Signal for GBPUSD: HOLD
2025-06-11 09:25:15 - MT5_EA - INFO - --- Processing symbol: USDJPY ---
2025-06-11 09:25:15 - MT5_EA - INFO - Strategy Signal for USDJPY: HOLD
2025-06-11 09:25:15 - MT5_EA - INFO - Cycle complete. Sleeping for 30 seconds...
2025-06-11 09:25:45 - MT5_EA - INFO - -------------------- New Trading Cycle --------------------
2025-06-11 09:25:45 - MT5_EA - INFO - --- Processing symbol: EURUSD ---
2025-06-11 09:25:45 - MT5_EA - INFO - Strategy Signal for EURUSD: HOLD
2025-06-11 09:25:45 - MT5_EA - INFO - --- Processing symbol: GBPUSD ---
2025-06-11 09:25:45 - MT5_EA - INFO - Strategy Signal for GBPUSD: HOLD
2025-06-11 09:25:45 - MT5_EA - INFO - --- Processing symbol: USDJPY ---
2025-06-11 09:25:45 - MT5_EA - INFO - Strategy Signal for USDJPY: HOLD
2025-06-11 09:25:45 - MT5_EA - INFO - Cycle complete. Sleeping for 30 seconds...
2025-06-11 09:26:15 - MT5_EA - INFO - -------------------- New Trading Cycle --------------------
2025-06-11 09:26:15 - MT5_EA - INFO - --- Processing symbol: EURUSD ---
2025-06-11 09:26:15 - MT5_EA - INFO - Strategy Signal for EURUSD: HOLD
2025-06-11 09:26:15 - MT5_EA - INFO - --- Processing symbol: GBPUSD ---
2025-06-11 09:26:15 - MT5_EA - INFO - Strategy Signal for GBPUSD: HOLD
2025-06-11 09:26:15 - MT5_EA - INFO - --- Processing symbol: USDJPY ---
2025-06-11 09:26:15 - MT5_EA - INFO - Strategy Signal for USDJPY: HOLD
2025-06-11 09:26:15 - MT5_EA - INFO - Cycle complete. Sleeping for 30 seconds...
2025-06-11 09:26:45 - MT5_EA - INFO - -------------------- New Trading Cycle --------------------
2025-06-11 09:26:45 - MT5_EA - INFO - --- Processing symbol: EURUSD ---
2025-06-11 09:26:45 - MT5_EA - INFO - Strategy Signal for EURUSD: HOLD
2025-06-11 09:26:45 - MT5_EA - INFO - --- Processing symbol: GBPUSD ---
2025-06-11 09:26:45 - MT5_EA - INFO - Strategy Signal for GBPUSD: HOLD
2025-06-11 09:26:45 - MT5_EA - INFO - --- Processing symbol: USDJPY ---
2025-06-11 09:26:45 - MT5_EA - INFO - Strategy Signal for USDJPY: HOLD
2025-06-11 09:26:45 - MT5_EA - INFO - Cycle complete. Sleeping for 30 seconds...
2025-06-11 09:27:15 - MT5_EA - INFO - -------------------- New Trading Cycle --------------------
2025-06-11 09:27:15 - MT5_EA - INFO - --- Processing symbol: EURUSD ---
2025-06-11 09:27:15 - MT5_EA - INFO - Strategy Signal for EURUSD: HOLD
2025-06-11 09:27:15 - MT5_EA - INFO - --- Processing symbol: GBPUSD ---
2025-06-11 09:27:15 - MT5_EA - INFO - Strategy Signal for GBPUSD: HOLD
2025-06-11 09:27:15 - MT5_EA - INFO - --- Processing symbol: USDJPY ---
2025-06-11 09:27:15 - MT5_EA - INFO - Strategy Signal for USDJPY: HOLD
2025-06-11 09:27:15 - MT5_EA - INFO - Cycle complete. Sleeping for 30 seconds...
2025-06-11 09:27:45 - MT5_EA - INFO - -------------------- New Trading Cycle --------------------
2025-06-11 09:27:45 - MT5_EA - INFO - --- Processing symbol: EURUSD ---
2025-06-11 09:27:45 - MT5_EA - INFO - Strategy Signal for EURUSD: HOLD
2025-06-11 09:27:45 - MT5_EA - INFO - --- Processing symbol: GBPUSD ---
2025-06-11 09:27:45 - MT5_EA - INFO - Strategy Signal for GBPUSD: HOLD
2025-06-11 09:27:45 - MT5_EA - INFO - --- Processing symbol: USDJPY ---
2025-06-11 09:27:45 - MT5_EA - INFO - Strategy Signal for USDJPY: HOLD
2025-06-11 09:27:45 - MT5_EA - INFO - Cycle complete. Sleeping for 30 seconds...
2025-06-11 09:28:15 - MT5_EA - INFO - -------------------- New Trading Cycle --------------------
2025-06-11 09:28:15 - MT5_EA - INFO - --- Processing symbol: EURUSD ---
2025-06-11 09:28:15 - MT5_EA - INFO - Strategy Signal for EURUSD: HOLD
2025-06-11 09:28:15 - MT5_EA - INFO - --- Processing symbol: GBPUSD ---
2025-06-11 09:28:15 - MT5_EA - INFO - Strategy Signal for GBPUSD: HOLD
2025-06-11 09:28:15 - MT5_EA - INFO - --- Processing symbol: USDJPY ---
2025-06-11 09:28:15 - MT5_EA - INFO - Strategy Signal for USDJPY: HOLD
2025-06-11 09:28:15 - MT5_EA - INFO - Cycle complete. Sleeping for 30 seconds...
2025-06-11 09:28:45 - MT5_EA - INFO - -------------------- New Trading Cycle --------------------
2025-06-11 09:28:45 - MT5_EA - INFO - --- Processing symbol: EURUSD ---
2025-06-11 09:28:45 - MT5_EA - INFO - Strategy Signal for EURUSD: HOLD
2025-06-11 09:28:45 - MT5_EA - INFO - --- Processing symbol: GBPUSD ---
2025-06-11 09:28:45 - MT5_EA - INFO - Strategy Signal for GBPUSD: HOLD
2025-06-11 09:28:45 - MT5_EA - INFO - --- Processing symbol: USDJPY ---
2025-06-11 09:28:45 - MT5_EA - INFO - Strategy Signal for USDJPY: HOLD
2025-06-11 09:28:45 - MT5_EA - INFO - Cycle complete. Sleeping for 30 seconds...
2025-06-11 09:29:15 - MT5_EA - INFO - -------------------- New Trading Cycle --------------------
2025-06-11 09:29:15 - MT5_EA - INFO - --- Processing symbol: EURUSD ---
2025-06-11 09:29:15 - MT5_EA - INFO - Strategy Signal for EURUSD: HOLD
2025-06-11 09:29:15 - MT5_EA - INFO - --- Processing symbol: GBPUSD ---
2025-06-11 09:29:15 - MT5_EA - INFO - Strategy Signal for GBPUSD: HOLD
2025-06-11 09:29:15 - MT5_EA - INFO - --- Processing symbol: USDJPY ---
2025-06-11 09:29:15 - MT5_EA - INFO - Strategy Signal for USDJPY: HOLD
2025-06-11 09:29:15 - MT5_EA - INFO - Cycle complete. Sleeping for 30 seconds...
2025-06-11 09:29:45 - MT5_EA - INFO - -------------------- New Trading Cycle --------------------
2025-06-11 09:29:45 - MT5_EA - INFO - --- Processing symbol: EURUSD ---
2025-06-11 09:29:45 - MT5_EA - INFO - Strategy Signal for EURUSD: HOLD
2025-06-11 09:29:45 - MT5_EA - INFO - --- Processing symbol: GBPUSD ---
2025-06-11 09:29:45 - MT5_EA - INFO - Strategy Signal for GBPUSD: HOLD
2025-06-11 09:29:45 - MT5_EA - INFO - --- Processing symbol: USDJPY ---
2025-06-11 09:29:45 - MT5_EA - INFO - Strategy Signal for USDJPY: HOLD
2025-06-11 09:29:45 - MT5_EA - INFO - Cycle complete. Sleeping for 30 seconds...
2025-06-11 09:30:15 - MT5_EA - INFO - -------------------- New Trading Cycle --------------------
2025-06-11 09:30:15 - MT5_EA - INFO - --- Processing symbol: EURUSD ---
2025-06-11 09:30:15 - MT5_EA - INFO - Strategy Signal for EURUSD: HOLD
2025-06-11 09:30:15 - MT5_EA - INFO - --- Processing symbol: GBPUSD ---
2025-06-11 09:30:15 - MT5_EA - INFO - Strategy Signal for GBPUSD: HOLD
2025-06-11 09:30:15 - MT5_EA - INFO - --- Processing symbol: USDJPY ---
2025-06-11 09:30:15 - MT5_EA - INFO - Strategy Signal for USDJPY: HOLD
2025-06-11 09:30:15 - MT5_EA - INFO - Cycle complete. Sleeping for 30 seconds...
2025-06-11 09:30:45 - MT5_EA - INFO - -------------------- New Trading Cycle --------------------
2025-06-11 09:30:45 - MT5_EA - INFO - --- Processing symbol: EURUSD ---
2025-06-11 09:30:45 - MT5_EA - INFO - Strategy Signal for EURUSD: HOLD
2025-06-11 09:30:45 - MT5_EA - INFO - --- Processing symbol: GBPUSD ---
2025-06-11 09:30:45 - MT5_EA - INFO - Strategy Signal for GBPUSD: HOLD
2025-06-11 09:30:45 - MT5_EA - INFO - --- Processing symbol: USDJPY ---
2025-06-11 09:30:45 - MT5_EA - INFO - Strategy Signal for USDJPY: HOLD
2025-06-11 09:30:45 - MT5_EA - INFO - Cycle complete. Sleeping for 30 seconds...
2025-06-11 09:31:15 - MT5_EA - INFO - -------------------- New Trading Cycle --------------------
2025-06-11 09:31:15 - MT5_EA - INFO - --- Processing symbol: EURUSD ---
2025-06-11 09:31:15 - MT5_EA - INFO - Strategy Signal for EURUSD: HOLD
2025-06-11 09:31:15 - MT5_EA - INFO - --- Processing symbol: GBPUSD ---
2025-06-11 09:31:15 - MT5_EA - INFO - Strategy Signal for GBPUSD: HOLD
2025-06-11 09:31:15 - MT5_EA - INFO - --- Processing symbol: USDJPY ---
2025-06-11 09:31:15 - MT5_EA - INFO - Strategy Signal for USDJPY: HOLD
2025-06-11 09:31:15 - MT5_EA - INFO - Cycle complete. Sleeping for 30 seconds...
2025-06-11 09:31:45 - MT5_EA - INFO - -------------------- New Trading Cycle --------------------
2025-06-11 09:31:45 - MT5_EA - INFO - --- Processing symbol: EURUSD ---
2025-06-11 09:31:45 - MT5_EA - INFO - Strategy Signal for EURUSD: HOLD
2025-06-11 09:31:45 - MT5_EA - INFO - --- Processing symbol: GBPUSD ---
2025-06-11 09:31:45 - MT5_EA - INFO - Strategy Signal for GBPUSD: HOLD
2025-06-11 09:31:45 - MT5_EA - INFO - --- Processing symbol: USDJPY ---
2025-06-11 09:31:45 - MT5_EA - INFO - Strategy Signal for USDJPY: HOLD
2025-06-11 09:31:45 - MT5_EA - INFO - Cycle complete. Sleeping for 30 seconds...
2025-06-11 09:32:15 - MT5_EA - INFO - -------------------- New Trading Cycle --------------------
2025-06-11 09:32:15 - MT5_EA - INFO - --- Processing symbol: EURUSD ---
2025-06-11 09:32:15 - MT5_EA - INFO - Strategy Signal for EURUSD: HOLD
2025-06-11 09:32:15 - MT5_EA - INFO - --- Processing symbol: GBPUSD ---
2025-06-11 09:32:15 - MT5_EA - INFO - Strategy Signal for GBPUSD: HOLD
2025-06-11 09:32:15 - MT5_EA - INFO - --- Processing symbol: USDJPY ---
2025-06-11 09:32:15 - MT5_EA - INFO - Strategy Signal for USDJPY: HOLD
2025-06-11 09:32:15 - MT5_EA - INFO - Cycle complete. Sleeping for 30 seconds...
2025-06-11 09:32:45 - MT5_EA - INFO - -------------------- New Trading Cycle --------------------
2025-06-11 09:32:45 - MT5_EA - INFO - --- Processing symbol: EURUSD ---
2025-06-11 09:32:45 - MT5_EA - INFO - Strategy Signal for EURUSD: HOLD
2025-06-11 09:32:45 - MT5_EA - INFO - --- Processing symbol: GBPUSD ---
2025-06-11 09:32:45 - MT5_EA - INFO - Strategy Signal for GBPUSD: HOLD
2025-06-11 09:32:45 - MT5_EA - INFO - --- Processing symbol: USDJPY ---
2025-06-11 09:32:45 - MT5_EA - INFO - Strategy Signal for USDJPY: HOLD
2025-06-11 09:32:45 - MT5_EA - INFO - Cycle complete. Sleeping for 30 seconds...
2025-06-11 09:33:15 - MT5_EA - INFO - -------------------- New Trading Cycle --------------------
2025-06-11 09:33:15 - MT5_EA - INFO - --- Processing symbol: EURUSD ---
2025-06-11 09:33:15 - MT5_EA - INFO - Strategy Signal for EURUSD: HOLD
2025-06-11 09:33:15 - MT5_EA - INFO - --- Processing symbol: GBPUSD ---
2025-06-11 09:33:15 - MT5_EA - INFO - Strategy Signal for GBPUSD: HOLD
2025-06-11 09:33:15 - MT5_EA - INFO - --- Processing symbol: USDJPY ---
2025-06-11 09:33:15 - MT5_EA - INFO - Strategy Signal for USDJPY: HOLD
2025-06-11 09:33:15 - MT5_EA - INFO - Cycle complete. Sleeping for 30 seconds...
2025-06-11 09:33:45 - MT5_EA - INFO - -------------------- New Trading Cycle --------------------
2025-06-11 09:33:45 - MT5_EA - INFO - --- Processing symbol: EURUSD ---
2025-06-11 09:33:45 - MT5_EA - INFO - Strategy Signal for EURUSD: HOLD
2025-06-11 09:33:45 - MT5_EA - INFO - --- Processing symbol: GBPUSD ---
2025-06-11 09:33:45 - MT5_EA - INFO - Strategy Signal for GBPUSD: HOLD
2025-06-11 09:33:45 - MT5_EA - INFO - --- Processing symbol: USDJPY ---
2025-06-11 09:33:45 - MT5_EA - INFO - Strategy Signal for USDJPY: HOLD
2025-06-11 09:33:45 - MT5_EA - INFO - Cycle complete. Sleeping for 30 seconds...
2025-06-11 09:34:15 - MT5_EA - INFO - -------------------- New Trading Cycle --------------------
2025-06-11 09:34:15 - MT5_EA - INFO - --- Processing symbol: EURUSD ---
2025-06-11 09:34:15 - MT5_EA - INFO - Strategy Signal for EURUSD: HOLD
2025-06-11 09:34:15 - MT5_EA - INFO - --- Processing symbol: GBPUSD ---
2025-06-11 09:34:15 - MT5_EA - INFO - Strategy Signal for GBPUSD: HOLD
2025-06-11 09:34:15 - MT5_EA - INFO - --- Processing symbol: USDJPY ---
2025-06-11 09:34:15 - MT5_EA - INFO - Strategy Signal for USDJPY: HOLD
2025-06-11 09:34:15 - MT5_EA - INFO - Cycle complete. Sleeping for 30 seconds...
2025-06-11 09:34:45 - MT5_EA - INFO - -------------------- New Trading Cycle --------------------
2025-06-11 09:34:45 - MT5_EA - INFO - --- Processing symbol: EURUSD ---
2025-06-11 09:34:45 - MT5_EA - INFO - Strategy Signal for EURUSD: HOLD
2025-06-11 09:34:45 - MT5_EA - INFO - --- Processing symbol: GBPUSD ---
2025-06-11 09:34:45 - MT5_EA - INFO - Strategy Signal for GBPUSD: HOLD
2025-06-11 09:34:45 - MT5_EA - INFO - --- Processing symbol: USDJPY ---
2025-06-11 09:34:45 - MT5_EA - INFO - Strategy Signal for USDJPY: HOLD
2025-06-11 09:34:45 - MT5_EA - INFO - Cycle complete. Sleeping for 30 seconds...
2025-06-11 09:35:15 - MT5_EA - INFO - -------------------- New Trading Cycle --------------------
2025-06-11 09:35:15 - MT5_EA - INFO - --- Processing symbol: EURUSD ---
2025-06-11 09:35:15 - MT5_EA - INFO - Strategy Signal for EURUSD: HOLD
2025-06-11 09:35:15 - MT5_EA - INFO - --- Processing symbol: GBPUSD ---
2025-06-11 09:35:15 - MT5_EA - INFO - Strategy Signal for GBPUSD: HOLD
2025-06-11 09:35:15 - MT5_EA - INFO - --- Processing symbol: USDJPY ---
2025-06-11 09:35:15 - MT5_EA - INFO - Strategy Signal for USDJPY: HOLD
2025-06-11 09:35:15 - MT5_EA - INFO - Cycle complete. Sleeping for 30 seconds...
2025-06-11 09:35:45 - MT5_EA - INFO - -------------------- New Trading Cycle --------------------
2025-06-11 09:35:45 - MT5_EA - INFO - --- Processing symbol: EURUSD ---
2025-06-11 09:35:45 - MT5_EA - INFO - Strategy Signal for EURUSD: HOLD
2025-06-11 09:35:45 - MT5_EA - INFO - --- Processing symbol: GBPUSD ---
2025-06-11 09:35:45 - MT5_EA - INFO - Strategy Signal for GBPUSD: HOLD
2025-06-11 09:35:45 - MT5_EA - INFO - --- Processing symbol: USDJPY ---
2025-06-11 09:35:45 - MT5_EA - INFO - Strategy Signal for USDJPY: HOLD
2025-06-11 09:35:45 - MT5_EA - INFO - Cycle complete. Sleeping for 30 seconds...
2025-06-11 09:36:15 - MT5_EA - INFO - -------------------- New Trading Cycle --------------------
2025-06-11 09:36:15 - MT5_EA - INFO - --- Processing symbol: EURUSD ---
2025-06-11 09:36:15 - MT5_EA - INFO - Strategy Signal for EURUSD: HOLD
2025-06-11 09:36:15 - MT5_EA - INFO - --- Processing symbol: GBPUSD ---
2025-06-11 09:36:15 - MT5_EA - INFO - Strategy Signal for GBPUSD: HOLD
2025-06-11 09:36:15 - MT5_EA - INFO - --- Processing symbol: USDJPY ---
2025-06-11 09:36:15 - MT5_EA - INFO - Strategy Signal for USDJPY: HOLD
2025-06-11 09:36:15 - MT5_EA - INFO - Cycle complete. Sleeping for 30 seconds...
2025-06-11 09:36:45 - MT5_EA - INFO - -------------------- New Trading Cycle --------------------
2025-06-11 09:36:45 - MT5_EA - INFO - --- Processing symbol: EURUSD ---
2025-06-11 09:36:45 - MT5_EA - INFO - Strategy Signal for EURUSD: HOLD
2025-06-11 09:36:45 - MT5_EA - INFO - --- Processing symbol: GBPUSD ---
2025-06-11 09:36:45 - MT5_EA - INFO - Strategy Signal for GBPUSD: HOLD
2025-06-11 09:36:45 - MT5_EA - INFO - --- Processing symbol: USDJPY ---
2025-06-11 09:36:45 - MT5_EA - INFO - Strategy Signal for USDJPY: HOLD
2025-06-11 09:36:45 - MT5_EA - INFO - Cycle complete. Sleeping for 30 seconds...
2025-06-11 09:37:09 - MT5_EA - INFO - EA stopped by user (KeyboardInterrupt).
2025-06-11 09:37:09 - MT5_EA - INFO - Shutting down MT5 connection.
2025-06-11 09:37:09 - MT5_EA - INFO - Python Expert Advisor has been shut down.
2025-06-11 09:37:20 - MT5_EA - INFO - --- Starting Backtest ---
2025-06-11 09:37:20 - MT5_EA - INFO - Fetching historical data for EURUSD from 2025-01-01 00:00:00 to 2025-06-10 00:00:00...
2025-06-11 09:37:20 - MT5_EA - INFO - Initializing MT5 connection...
2025-06-11 09:37:20 - MT5_EA - INFO - MT5 connection successful to account 93083332.
2025-06-11 09:37:20 - MT5_EA - INFO - Shutting down MT5 connection.
2025-06-11 09:37:20 - MT5_EA - INFO - Successfully fetched 2708 data points.
2025-06-11 09:39:13 - MT5_EA - INFO - --- Starting Backtest ---
2025-06-11 09:39:13 - MT5_EA - INFO - Fetching historical data for EURUSD from 2025-01-01 00:00:00 to 2025-06-10 00:00:00...
2025-06-11 09:39:13 - MT5_EA - INFO - Initializing MT5 connection...
2025-06-11 09:39:13 - MT5_EA - INFO - MT5 connection successful to account 93083332.
2025-06-11 09:39:13 - MT5_EA - INFO - Shutting down MT5 connection.
2025-06-11 09:39:13 - MT5_EA - INFO - Successfully fetched 2708 data points.
2025-06-11 09:42:30 - MT5_EA - INFO - --- Starting Backtest ---
2025-06-11 09:42:30 - MT5_EA - INFO - Connecting to MT5 to fetch data for EURUSD from 2025-01-01 to 2025-06-10...
2025-06-11 09:42:30 - MT5_EA - INFO - Initializing MT5 connection...
2025-06-11 09:42:30 - MT5_EA - INFO - MT5 connection successful to account 93083332.
2025-06-11 09:42:30 - MT5_EA - INFO - Shutting down MT5 connection.
2025-06-11 09:42:30 - MT5_EA - INFO - Disconnected from MT5. Proceeding with offline simulation.
2025-06-11 09:42:30 - MT5_EA - INFO - Successfully prepared 2708 data points for the simulation period.
2025-06-11 09:42:30 - MT5_EA - INFO - Starting simulation loop...
2025-06-11 09:42:31 - MT5_EA - INFO - Simulation complete. Generating report...
2025-06-11 09:42:31 - MT5_EA - INFO - Detailed trade log saved to 'backtest_results_EURUSD_2025-01-01_to_2025-06-10.csv'
